;  LST file generated by mikroListExporter - v.2.0 
; Date/Time: 11/28/2017 12:02:03 AM
;----------------------------------------------

;Address Opcode 	ASM
0x0000	0xF000EF67  	GOTO        206
0x0004	0x0000      	NOP
0x0006	0x0000      	NOP
0x0008	0xF000EF16  	GOTO        44
0x000C	0x0000      	NOP
0x000E	0x0000      	NOP
0x0010	0x0000      	NOP
0x0012	0x0000      	NOP
0x0014	0x0000      	NOP
0x0016	0x0000      	NOP
0x0018	0xF000EF4A  	GOTO        148
___CC2DW:
;__Lib_System.c,21 :: 		
;__Lib_System.c,23 :: 		
_CC2DL_Loop1:
;__Lib_System.c,24 :: 		
0x001C	0x0009      	TBLRD*+
;__Lib_System.c,25 :: 		
0x001E	0xFFE6CFF5  	MOVFF       TABLAT, POSTINC1
;__Lib_System.c,26 :: 		
0x0022	0x0600      	DECF        R0, 1, 0
;__Lib_System.c,27 :: 		
0x0024	0xE1FB      	BNZ         _CC2DL_Loop1
;__Lib_System.c,28 :: 		
0x0026	0x0601      	DECF        R1, 1, 0
;__Lib_System.c,29 :: 		
0x0028	0xE1F9      	BNZ         _CC2DL_Loop1
;__Lib_System.c,31 :: 		
L_end___CC2DW:
0x002A	0x0012      	RETURN      0
; end of ___CC2DW
_interrupt:
;MyProject.c,2 :: 		void interrupt()
0x002C	0xF019C000  	MOVFF       R0, 25
;MyProject.c,4 :: 		if( INTCON.INT0IF = 1)
0x0030	0x82F2      	BSF         INTCON, 1 
0x0032	0xA2F2      	BTFSS       INTCON, 1 
0x0034	0xD02C      	BRA         L_interrupt0
;MyProject.c,6 :: 		for(i = 0; i<= 9; i++)
0x0036	0x6A1A      	CLRF        _i 
0x0038	0x6A1B      	CLRF        _i+1 
L_interrupt1:
0x003A	0x0E00      	MOVLW       0
0x003C	0x6E00      	MOVWF       R0 
0x003E	0x501B      	MOVF        _i+1, 0 
0x0040	0x5C00      	SUBWF       R0, 0 
0x0042	0xE102      	BNZ         L__interrupt11
0x0044	0x501A      	MOVF        _i, 0 
0x0046	0x0809      	SUBLW       9
L__interrupt11:
0x0048	0xE322      	BNC         L_interrupt2
;MyProject.c,8 :: 		PORTC = 0xff;
0x004A	0x0EFF      	MOVLW       255
0x004C	0x6E82      	MOVWF       PORTC 
;MyProject.c,9 :: 		delay_ms(1000);
0x004E	0x0E0B      	MOVLW       11
0x0050	0x6E0B      	MOVWF       R11, 0
0x0052	0x0E26      	MOVLW       38
0x0054	0x6E0C      	MOVWF       R12, 0
0x0056	0x0E5D      	MOVLW       93
0x0058	0x6E0D      	MOVWF       R13, 0
L_interrupt4:
0x005A	0x2E0D      	DECFSZ      R13, 1, 0
0x005C	0xD7FE      	BRA         L_interrupt4
0x005E	0x2E0C      	DECFSZ      R12, 1, 0
0x0060	0xD7FC      	BRA         L_interrupt4
0x0062	0x2E0B      	DECFSZ      R11, 1, 0
0x0064	0xD7FA      	BRA         L_interrupt4
0x0066	0x0000      	NOP
0x0068	0x0000      	NOP
;MyProject.c,10 :: 		PORTC = 0;
0x006A	0x6A82      	CLRF        PORTC 
;MyProject.c,11 :: 		delay_ms(1000);
0x006C	0x0E0B      	MOVLW       11
0x006E	0x6E0B      	MOVWF       R11, 0
0x0070	0x0E26      	MOVLW       38
0x0072	0x6E0C      	MOVWF       R12, 0
0x0074	0x0E5D      	MOVLW       93
0x0076	0x6E0D      	MOVWF       R13, 0
L_interrupt5:
0x0078	0x2E0D      	DECFSZ      R13, 1, 0
0x007A	0xD7FE      	BRA         L_interrupt5
0x007C	0x2E0C      	DECFSZ      R12, 1, 0
0x007E	0xD7FC      	BRA         L_interrupt5
0x0080	0x2E0B      	DECFSZ      R11, 1, 0
0x0082	0xD7FA      	BRA         L_interrupt5
0x0084	0x0000      	NOP
0x0086	0x0000      	NOP
;MyProject.c,6 :: 		for(i = 0; i<= 9; i++)
0x0088	0x4A1A      	INFSNZ      _i, 1 
0x008A	0x2A1B      	INCF        _i+1, 1 
;MyProject.c,12 :: 		}
0x008C	0xD7D6      	BRA         L_interrupt1
L_interrupt2:
;MyProject.c,13 :: 		}
L_interrupt0:
;MyProject.c,15 :: 		}
L_end_interrupt:
L__interrupt10:
0x008E	0xF000C019  	MOVFF       25, R0
0x0092	0x0011      	RETFIE      1
; end of _interrupt
_interrupt_low:
0x0094	0xF018C000  	MOVFF       R0, 24
0x0098	0x6E15      	MOVWF       ___Low_saveWREG 
0x009A	0xF016CFD8  	MOVFF       STATUS, ___Low_saveSTATUS
0x009E	0xF017CFE0  	MOVFF       BSR, ___Low_saveBSR
;MyProject.c,16 :: 		void interrupt_low()
;MyProject.c,18 :: 		if(INTCON3.INT2IF == 1)
0x00A2	0xA2F0      	BTFSS       INTCON3, 1 
0x00A4	0xD00A      	BRA         L_interrupt_low6
;MyProject.c,20 :: 		if( PORTD <= 9 )
0x00A6	0x5083      	MOVF        PORTD, 0 
0x00A8	0x0809      	SUBLW       9
0x00AA	0xE306      	BNC         L_interrupt_low7
;MyProject.c,22 :: 		PORTD++;
0x00AC	0x5083      	MOVF        PORTD, 0 
0x00AE	0x0F01      	ADDLW       1
0x00B0	0x6E00      	MOVWF       R0 
0x00B2	0xFF83C000  	MOVFF       R0, PORTD
;MyProject.c,23 :: 		}
0x00B6	0xD001      	BRA         L_interrupt_low8
L_interrupt_low7:
;MyProject.c,26 :: 		PORTD = 0;
0x00B8	0x6A83      	CLRF        PORTD 
;MyProject.c,27 :: 		}
L_interrupt_low8:
;MyProject.c,29 :: 		}
L_interrupt_low6:
;MyProject.c,30 :: 		INTCON3.INT2IF = 0;
0x00BA	0x92F0      	BCF         INTCON3, 1 
;MyProject.c,31 :: 		}
L_end_interrupt_low:
L__interrupt_low13:
0x00BC	0x5017      	MOVF        ___Low_saveBSR, 0 
0x00BE	0x6EE0      	MOVWF       BSR 
0x00C0	0x5016      	MOVF        ___Low_saveSTATUS, 0 
0x00C2	0x6ED8      	MOVWF       STATUS 
0x00C4	0x3A15      	SWAPF       ___Low_saveWREG, 1 
0x00C6	0x3815      	SWAPF       ___Low_saveWREG, 0 
0x00C8	0xF000C018  	MOVFF       24, R0
0x00CC	0x0010      	RETFIE      0
; end of _interrupt_low
_main:
0x00CE	0x6A1A      	CLRF        _i 
0x00D0	0x6A1B      	CLRF        27 
;MyProject.c,32 :: 		void main() {
;MyProject.c,33 :: 		TRISB = 0xFF;
0x00D2	0x0EFF      	MOVLW       255
0x00D4	0x6E93      	MOVWF       TRISB 
;MyProject.c,34 :: 		TRISC = 0;
0x00D6	0x6A94      	CLRF        TRISC 
;MyProject.c,35 :: 		TRISD = 0;
0x00D8	0x6A95      	CLRF        TRISD 
;MyProject.c,36 :: 		PORTC = 0;
0x00DA	0x6A82      	CLRF        PORTC 
;MyProject.c,37 :: 		PORTD = 0;
0x00DC	0x6A83      	CLRF        PORTD 
;MyProject.c,41 :: 		RCON.IPEN = 1; //interrupt priority enable
0x00DE	0x8ED0      	BSF         RCON, 7 
;MyProject.c,42 :: 		INTCON.GIEH = 1; //global interrupt enable  high priority
0x00E0	0x8EF2      	BSF         INTCON, 7 
;MyProject.c,43 :: 		INTCON.GIEL = 1; //global interrupt enable  low priority
0x00E2	0x8CF2      	BSF         INTCON, 6 
;MyProject.c,45 :: 		INTCON.INT0IE = 1; //int0 interrupt enable
0x00E4	0x88F2      	BSF         INTCON, 4 
;MyProject.c,46 :: 		INTCON.INT0IF = 0; //int0 interrupt FLAG
0x00E6	0x92F2      	BCF         INTCON, 1 
;MyProject.c,49 :: 		INTCON3.INT2IE = 1;  //int2 interrupt enable
0x00E8	0x88F0      	BSF         INTCON3, 4 
;MyProject.c,50 :: 		INTCON3.INT2IF = 0; //int2 interrupt FLAG
0x00EA	0x92F0      	BCF         INTCON3, 1 
;MyProject.c,51 :: 		INTCON3.INT2IP = 0; //int2 interrupt priority (LOW)
0x00EC	0x9EF0      	BCF         INTCON3, 7 
;MyProject.c,52 :: 		INTCON2.INTEDG2 = 0; //int2 edge
0x00EE	0x98F1      	BCF         INTCON2, 4 
;MyProject.c,53 :: 		asm sleep;
0x00F0	0x0003      	SLEEP
;MyProject.c,54 :: 		}
L_end_main:
0x00F2	0xD7FF      	BRA         $+0
; end of _main
Symbol List:
//** Routines locations **
//ADDRESS    SIZE    PROCEDURE
//----------------------------------------------
0x001C      [16]    ___CC2DW
0x002C     [104]    _interrupt
0x0094      [58]    _interrupt_low
0x00CE      [38]    _main
//** Variables locations ** 
//ADDRESS    SIZE    VARIABLE
//----------------------------------------------
0x0000       [1]    UART1_Init_tmp_L0
0x0000       [1]    R0
0x0000       [1]    __Lib_SoftI2C_PutZerosToLATScl_temp_scl_L0
0x0000       [1]    __Lib_SoftI2C_PutZerosToLATSda_temp_sda_L0
0x0000       [1]    FLASH_Erase_64_SaveINTCON_L0
0x0000       [1]    EEPROM_Write_SaveINTCON_L0
0x0000       [1]    SPI1_Write_tmp_L0
0x0001       [1]    ispunct_rslt_L0
0x0001       [1]    FLASH_Erase_Write_64_i_L0
0x0001       [1]    R1
0x0001       [1]    __Lib_TFT_JPEG_FileRead_i_L0
0x0001       [1]    UART1_Read___tmp_UART1_Read_L0
0x0001       [1]    FLASH_Write_8_i_L0
0x0001       [1]    __Lib_TFT_16bit_JPEG_FileReadBytes_Result_L0
0x0001       [1]    __Lib_TFT_16bit_JPEG_FileRead_i_L0
0x0001       [1]    __Lib_PS2_Wait_Falling_nsample_L0
0x0001       [1]    I2C1_Rd_tmp_L0
0x0001       [1]    __Lib_TFT_JPEG_FileReadBytes_Result_L0
0x0001       [2]    FLASH_Read_N_Bytes_i_L0
0x0002       [2]    memset_pp_L0
0x0002       [2]    memchr_s_L0
0x0002       [1]    FLASH_Write_8_SaveINTCON_L0
0x0002       [2]    strlen_cp_L0
0x0002       [1]    FLASH_Erase_Write_64_j_L0
0x0002       [1]    R2
0x0002       [2]    memcpy_dd_L0
0x0003       [1]    FLASH_Erase_Write_64_SaveINTCON_L0
0x0003       [2]    memmove_tt_L0
0x0003       [1]    R3
0x0003       [1]    MM_Init_i_L0
0x0003       [2]    Ltrim_original_L0
0x0003       [2]    MM_TotalFreeMemSize_Tot_L0
0x0003       [2]    __Lib_MmcFat16_f16_toInt_l_L0
0x0004       [2]    __Lib_MemManager_MM_GetMemAlign_P_L0
0x0004       [1]    R4
0x0004       [2]    strncat_cp_L0
0x0004       [2]    frexp_pom_L0
0x0004       [2]    strcpy_cp_L0
0x0004       [2]    strcat_cp_L0
0x0004       [2]    strncpy_cp_L0
0x0004       [2]    memcpy_ss_L0
0x0005       [2]    memmove_ff_L0
0x0005       [2]    LongIntToHex_input_half_L0
0x0005       [2]    LongWordToHex_input_half_L0
0x0005       [1]    R5
0x0005       [1]    MM_TotalFreeMemSize_i_L0
0x0005       [2]    Ltrim_p_L0
0x0006       [1]    __Lib_MemManager_MM_GetMemAlign_i_L0
0x0006       [1]    R6
0x0007       [1]    R7
0x0007       [1]    __Lib_TFT_16bit_JPEG_GenerateHuffmanTables_bLength_L0
0x0007       [1]    __Lib_TFT_JPEG_GenerateHuffmanTables_bLength_L0
0x0008       [1]    R8
0x0008       [1]    __Lib_TFT_JPEG_GenerateHuffmanTables_bTable_L0
0x0008       [1]    __Lib_TFT_16bit_JPEG_GenerateHuffmanTables_bTable_L0
0x0009       [4]    __Lib_MmcFat16_f16_toLong_l_L0
0x0009       [1]    R9
0x000A       [1]    R10
0x000B       [1]    R11
0x000C       [1]    R12
0x000D       [1]    R13
0x000E       [1]    R14
0x000F       [1]    R15
0x0010       [1]    R16
0x0011       [1]    R17
0x0012       [1]    R18
0x0013       [1]    R19
0x0014       [1]    R20
0x0015       [1]    ___Low_saveWREG
0x0016       [1]    ___Low_saveSTATUS
0x0017       [1]    ___Low_saveBSR
0x001A       [2]    _i
0x0F82       [1]    PORTC
0x0F83       [1]    PORTD
0x0F93       [1]    TRISB
0x0F94       [1]    TRISC
0x0F95       [1]    TRISD
0x0FD0       [1]    RCON
0x0FD8       [1]    STATUS
0x0FD9       [1]    FSR2L
0x0FDA       [1]    FSR2H
0x0FDE       [1]    POSTINC2
0x0FE0       [1]    BSR
0x0FE1       [1]    FSR1L
0x0FE2       [1]    FSR1H
0x0FE4       [1]    PREINC1
0x0FE6       [1]    POSTINC1
0x0FE7       [1]    INDF1
0x0FE8       [1]    WREG
0x0FE9       [1]    FSR0L
0x0FEA       [1]    FSR0H
0x0FEE       [1]    POSTINC0
0x0FF0       [1]    INTCON3
0x0FF1       [1]    INTCON2
0x0FF2       [1]    INTCON
0x0FF3       [1]    PRODL
0x0FF4       [1]    PRODH
0x0FF5       [1]    TABLAT
0x0FF6       [1]    TBLPTRL
0x0FF7       [1]    TBLPTRH
0x0FF8       [1]    TBLPTRU
//** Label List: ** 
//----------------------------------------------
  L_interrupt0
  L_interrupt1
  L_interrupt2
  L_interrupt3
  L_interrupt4
  L_interrupt5
  L_interrupt_low6
  L_interrupt_low7
  L_interrupt_low8
  L_end_interrupt
  _interrupt
  L__interrupt10
  L__interrupt11
  L_end_interrupt_low
  _interrupt_low
  L__interrupt_low13
  L_end_main
  _main
  _CC2D_Loop1
  _CC2DL_Loop1
  L_loopCA2AWs
  L_loopCCA2AWs
  L_loopCS2Ss
  L_CS2Send
  L_loopCCS2Ss
  L_CCS2Send
  L_loopFZinSWs
  L_longjmp7
  L_end___CC2D
  ___CC2D
  L_end___CC2DW
  ___CC2DW
  L_end___CA2AW
  ___CA2AW
  L_end___CCA2AW
  ___CCA2AW
  L_end___CS2S
  ___CS2S
  L_end___CCS2S
  ___CCS2S
  L_end___FZinS
  ___FZinS
  L_end_____DoIFC
  _____DoIFC
  L_end_Swap
  _Swap
  L_end_setjmp
  _setjmp
  L_end_longjmp
  _longjmp
  L_interrupt0
  L_interrupt1
  L_interrupt2
  L_interrupt3
  L_interrupt4
  L_interrupt5
  L_interrupt_low6
  L_interrupt_low7
  L_interrupt_low8
  L_end_interrupt
  _interrupt
  L__interrupt10
  L__interrupt11
  L_end_interrupt_low
  _interrupt_low
  L__interrupt_low13
  L_end_main
  _main
  L_interrupt0
  L_interrupt1
  L_interrupt2
  L_interrupt3
  L_interrupt4
  L_interrupt5
  L_interrupt_low6
  L_interrupt_low7
  L_interrupt_low8
  L_end_interrupt
  _interrupt
  L__interrupt10
  L__interrupt11
  L_end_interrupt_low
  _interrupt_low
  L__interrupt_low13
  L_end_main
  _main
