;  LST file generated by mikroListExporter - v.2.0 
; Date/Time: 12/5/2017 2:53:41 AM
;----------------------------------------------

;Address Opcode 	ASM
0x0000	0xF002EF9A  	GOTO        1332
_Interrupt:
;MyProject.c,28 :: 		void Interrupt(){
0x0008	0xF016C000  	MOVFF       R0, 22
0x000C	0xF015C001  	MOVFF       R1, 21
;MyProject.c,29 :: 		if (TMR1IF_bit){
0x0010	0xA09E      	BTFSS       TMR1IF_bit, BitPos(TMR1IF_bit+0) 
0x0012	0xD057      	BRA         L_Interrupt0
;MyProject.c,30 :: 		TMR1IF_bit = 0;
0x0014	0x909E      	BCF         TMR1IF_bit, BitPos(TMR1IF_bit+0) 
;MyProject.c,31 :: 		TMR1H         = 0x3C;
0x0016	0x0E3C      	MOVLW       60
0x0018	0x6ECF      	MOVWF       TMR1H 
;MyProject.c,32 :: 		TMR1L         = 0xAF;
0x001A	0x0EAF      	MOVLW       175
0x001C	0x6ECE      	MOVWF       TMR1L 
;MyProject.c,34 :: 		adc1 = adc_read(0);           // Read temperature 1 from LM35 on AN0 of PORTA
0x001E	0x6A3E      	CLRF        FARG_ADC_Read_channel 
0x0020	0xDA6B      	RCALL       _ADC_Read
0x0022	0xF037C000  	MOVFF       R0, _adc1
0x0026	0xF038C001  	MOVFF       R1, _adc1+1
;MyProject.c,35 :: 		temp1 = (adc1 * 500)/ 1024;   // Calculate equivalent value of LM35 temperature
0x002A	0x0EF4      	MOVLW       244
0x002C	0x6E04      	MOVWF       R4 
0x002E	0x0E01      	MOVLW       1
0x0030	0x6E05      	MOVWF       R5 
0x0032	0xD9B2      	RCALL       _Mul_16x16_U
0x0034	0x0E0A      	MOVLW       10
0x0036	0x6E04      	MOVWF       R4 
0x0038	0xF002C000  	MOVFF       R0, R2
0x003C	0xF003C001  	MOVFF       R1, R3
0x0040	0x5004      	MOVF        R4, 0 
L__Interrupt4:
0x0042	0xE007      	BZ          L__Interrupt5
0x0044	0x3203      	RRCF        R3, 1 
0x0046	0x3202      	RRCF        R2, 1 
0x0048	0x9E03      	BCF         R3, 7 
0x004A	0xBC03      	BTFSC       R3, 6 
0x004C	0x8E03      	BSF         R3, 7 
0x004E	0x0FFF      	ADDLW       255
0x0050	0xD7F8      	BRA         L__Interrupt4
L__Interrupt5:
0x0052	0xF035C002  	MOVFF       R2, _temp1
0x0056	0xF036C003  	MOVFF       R3, _temp1+1
;MyProject.c,36 :: 		IntToStr (temp1 , txt);       // Convert numeric result of temperature to string to send it to PC
0x005A	0xF03EC002  	MOVFF       R2, FARG_IntToStr_input
0x005E	0xF03FC003  	MOVFF       R3, FARG_IntToStr_input+1
0x0062	0x0E2E      	MOVLW       _txt
0x0064	0x6E40      	MOVWF       FARG_IntToStr_output 
0x0066	0x0E00      	MOVLW       hi_addr(_txt)
0x0068	0x6E41      	MOVWF       FARG_IntToStr_output+1 
0x006A	0xD8F7      	RCALL       _IntToStr
;MyProject.c,37 :: 		Lcd_Init();
0x006C	0xD9FA      	RCALL       _Lcd_Init
;MyProject.c,38 :: 		Lcd_Cmd(_LCD_CLEAR);
0x006E	0x0E01      	MOVLW       1
0x0070	0x6E4F      	MOVWF       FARG_Lcd_Cmd_out_char 
0x0072	0xD85A      	RCALL       _Lcd_Cmd
;MyProject.c,39 :: 		Lcd_Cmd(_LCD_CURSOR_OFF);
0x0074	0x0E0C      	MOVLW       12
0x0076	0x6E4F      	MOVWF       FARG_Lcd_Cmd_out_char 
0x0078	0xD857      	RCALL       _Lcd_Cmd
;MyProject.c,40 :: 		Lcd_Out(1,2,"TempC =  ");
0x007A	0x0E01      	MOVLW       1
0x007C	0x6E3E      	MOVWF       FARG_Lcd_Out_row 
0x007E	0x0E02      	MOVLW       2
0x0080	0x6E3F      	MOVWF       FARG_Lcd_Out_column 
0x0082	0x0E17      	MOVLW       ?lstr1_MyProject
0x0084	0x6E40      	MOVWF       FARG_Lcd_Out_text 
0x0086	0x0E00      	MOVLW       hi_addr(?lstr1_MyProject)
0x0088	0x6E41      	MOVWF       FARG_Lcd_Out_text+1 
0x008A	0xD9AE      	RCALL       _Lcd_Out
;MyProject.c,41 :: 		Lcd_Out(2,1,txt);
0x008C	0x0E02      	MOVLW       2
0x008E	0x6E3E      	MOVWF       FARG_Lcd_Out_row 
0x0090	0x0E01      	MOVLW       1
0x0092	0x6E3F      	MOVWF       FARG_Lcd_Out_column 
0x0094	0x0E2E      	MOVLW       _txt
0x0096	0x6E40      	MOVWF       FARG_Lcd_Out_text 
0x0098	0x0E00      	MOVLW       hi_addr(_txt)
0x009A	0x6E41      	MOVWF       FARG_Lcd_Out_text+1 
0x009C	0xD9A5      	RCALL       _Lcd_Out
;MyProject.c,44 :: 		Uart1_write(i);
0x009E	0xF03EC021  	MOVFF       _i, FARG_UART1_Write_data_
0x00A2	0xD8D4      	RCALL       _UART1_Write
;MyProject.c,45 :: 		i++;
0x00A4	0x2A21      	INCF        _i, 1 
;MyProject.c,46 :: 		Delay_ms(300);
0x00A6	0x0E04      	MOVLW       4
0x00A8	0x6E0B      	MOVWF       R11, 0
0x00AA	0x0E0C      	MOVLW       12
0x00AC	0x6E0C      	MOVWF       R12, 0
0x00AE	0x0E33      	MOVLW       51
0x00B0	0x6E0D      	MOVWF       R13, 0
L_Interrupt1:
0x00B2	0x2E0D      	DECFSZ      R13, 1, 0
0x00B4	0xD7FE      	BRA         L_Interrupt1
0x00B6	0x2E0C      	DECFSZ      R12, 1, 0
0x00B8	0xD7FC      	BRA         L_Interrupt1
0x00BA	0x2E0B      	DECFSZ      R11, 1, 0
0x00BC	0xD7FA      	BRA         L_Interrupt1
0x00BE	0x0000      	NOP
0x00C0	0x0000      	NOP
;MyProject.c,47 :: 		}
L_Interrupt0:
;MyProject.c,48 :: 		}
L_end_Interrupt:
L__Interrupt3:
0x00C2	0xF000C016  	MOVFF       22, R0
0x00C6	0xF001C015  	MOVFF       21, R1
0x00CA	0x0011      	RETFIE      1
; end of _Interrupt
_Delay_5500us:
;__Lib_Delays.c,31 :: 		void Delay_5500us() {
;__Lib_Delays.c,32 :: 		Delay_us(5500);
0x00CC	0x0E0F      	MOVLW       15
0x00CE	0x6E0C      	MOVWF       R12, 0
0x00D0	0x0E47      	MOVLW       71
0x00D2	0x6E0D      	MOVWF       R13, 0
L_Delay_5500us5:
0x00D4	0x2E0D      	DECFSZ      R13, 1, 0
0x00D6	0xD7FE      	BRA         L_Delay_5500us5
0x00D8	0x2E0C      	DECFSZ      R12, 1, 0
0x00DA	0xD7FC      	BRA         L_Delay_5500us5
0x00DC	0x0000      	NOP
0x00DE	0x0000      	NOP
;__Lib_Delays.c,33 :: 		}
L_end_Delay_5500us:
0x00E0	0x0012      	RETURN      0
; end of _Delay_5500us
_Delay_1us:
;__Lib_Delays.c,7 :: 		void Delay_1us() {
;__Lib_Delays.c,8 :: 		Delay_us(1);
0x00E2	0x0000      	NOP
0x00E4	0x0000      	NOP
;__Lib_Delays.c,9 :: 		}
L_end_Delay_1us:
0x00E6	0x0012      	RETURN      0
; end of _Delay_1us
_Delay_50us:
;__Lib_Delays.c,19 :: 		void Delay_50us() {
;__Lib_Delays.c,20 :: 		Delay_us(50);
0x00E8	0x0E21      	MOVLW       33
0x00EA	0x6E0D      	MOVWF       R13, 0
L_Delay_50us2:
0x00EC	0x2E0D      	DECFSZ      R13, 1, 0
0x00EE	0xD7FE      	BRA         L_Delay_50us2
;__Lib_Delays.c,21 :: 		}
L_end_Delay_50us:
0x00F0	0x0012      	RETURN      0
; end of _Delay_50us
_Div_16x16_U:
;__Lib_Math.c,102 :: 		
;__Lib_Math.c,109 :: 		
0x00F2	0x6A08      	CLRF        R8, 0
;__Lib_Math.c,110 :: 		
0x00F4	0x6A09      	CLRF        R9, 0
;__Lib_Math.c,111 :: 		
0x00F6	0x0E10      	MOVLW       16
;__Lib_Math.c,112 :: 		
0x00F8	0x6E0C      	MOVWF       R12, 0
;__Lib_Math.c,113 :: 		
0x00FA	0x3401      	RLCF        R1, 0, 0
;__Lib_Math.c,114 :: 		
0x00FC	0x3608      	RLCF        R8, 1, 0
;__Lib_Math.c,115 :: 		
0x00FE	0x3609      	RLCF        R9, 1, 0
;__Lib_Math.c,116 :: 		
0x0100	0x5004      	MOVF        R4, 0, 0
;__Lib_Math.c,117 :: 		
0x0102	0x5E08      	SUBWF       R8, 1, 0
;__Lib_Math.c,118 :: 		
0x0104	0x5005      	MOVF        R5, 0, 0
;__Lib_Math.c,119 :: 		
0x0106	0xA0D8      	BTFSS       STATUS, 0, 0
;__Lib_Math.c,120 :: 		
0x0108	0x3C05      	INCFSZ      R5, 0, 0
;__Lib_Math.c,121 :: 		
0x010A	0x5E09      	SUBWF       R9, 1, 0
;__Lib_Math.c,122 :: 		
0x010C	0xB0D8      	BTFSC       STATUS, 0, 0
;__Lib_Math.c,123 :: 		
0x010E	0xD007      	BRA         $+16
;__Lib_Math.c,124 :: 		
0x0110	0x5004      	MOVF        R4, 0, 0
;__Lib_Math.c,125 :: 		
0x0112	0x2608      	ADDWF       R8, 1, 0
;__Lib_Math.c,126 :: 		
0x0114	0x5005      	MOVF        R5, 0, 0
;__Lib_Math.c,127 :: 		
0x0116	0xB0D8      	BTFSC       STATUS, 0, 0
;__Lib_Math.c,128 :: 		
0x0118	0x3C05      	INCFSZ      R5, 0, 0
;__Lib_Math.c,129 :: 		
0x011A	0x2609      	ADDWF       R9, 1, 0
;__Lib_Math.c,130 :: 		
0x011C	0x90D8      	BCF         STATUS, 0, 0
;__Lib_Math.c,131 :: 		
0x011E	0x3600      	RLCF        R0, 1, 0
;__Lib_Math.c,132 :: 		
0x0120	0x3601      	RLCF        R1, 1, 0
;__Lib_Math.c,133 :: 		
0x0122	0x2E0C      	DECFSZ      R12, 1, 0
;__Lib_Math.c,134 :: 		
0x0124	0xD7EA      	BRA         $-42
;__Lib_Math.c,136 :: 		
L_end_Div_16x16_U:
0x0126	0x0012      	RETURN      0
; end of _Div_16x16_U
_Lcd_Cmd:
;__Lib_Lcd.c,18 :: 		
;__Lib_Lcd.c,20 :: 		
0x0128	0xBE4F      	BTFSC       FARG_Lcd_Cmd_out_char, 7 
0x012A	0xD002      	BRA         L__Lcd_Cmd21
0x012C	0x9E81      	BCF         LCD_D7, BitPos(LCD_D7+0) 
0x012E	0xD001      	BRA         L__Lcd_Cmd22
L__Lcd_Cmd21:
0x0130	0x8E81      	BSF         LCD_D7, BitPos(LCD_D7+0) 
L__Lcd_Cmd22:
;__Lib_Lcd.c,21 :: 		
0x0132	0xBC4F      	BTFSC       FARG_Lcd_Cmd_out_char, 6 
0x0134	0xD002      	BRA         L__Lcd_Cmd23
0x0136	0x9C81      	BCF         LCD_D6, BitPos(LCD_D6+0) 
0x0138	0xD001      	BRA         L__Lcd_Cmd24
L__Lcd_Cmd23:
0x013A	0x8C81      	BSF         LCD_D6, BitPos(LCD_D6+0) 
L__Lcd_Cmd24:
;__Lib_Lcd.c,22 :: 		
0x013C	0xBA4F      	BTFSC       FARG_Lcd_Cmd_out_char, 5 
0x013E	0xD002      	BRA         L__Lcd_Cmd25
0x0140	0x9A81      	BCF         LCD_D5, BitPos(LCD_D5+0) 
0x0142	0xD001      	BRA         L__Lcd_Cmd26
L__Lcd_Cmd25:
0x0144	0x8A81      	BSF         LCD_D5, BitPos(LCD_D5+0) 
L__Lcd_Cmd26:
;__Lib_Lcd.c,23 :: 		
0x0146	0xB84F      	BTFSC       FARG_Lcd_Cmd_out_char, 4 
0x0148	0xD002      	BRA         L__Lcd_Cmd27
0x014A	0x9881      	BCF         LCD_D4, BitPos(LCD_D4+0) 
0x014C	0xD001      	BRA         L__Lcd_Cmd28
L__Lcd_Cmd27:
0x014E	0x8881      	BSF         LCD_D4, BitPos(LCD_D4+0) 
L__Lcd_Cmd28:
;__Lib_Lcd.c,25 :: 		
0x0150	0xB03D      	BTFSC       __Lib_Lcd_cmd_status, BitPos(__Lib_Lcd_cmd_status+0) 
0x0152	0xD002      	BRA         L__Lcd_Cmd29
0x0154	0x8081      	BSF         LCD_RS, BitPos(LCD_RS+0) 
0x0156	0xD001      	BRA         L__Lcd_Cmd30
L__Lcd_Cmd29:
0x0158	0x9081      	BCF         LCD_RS, BitPos(LCD_RS+0) 
L__Lcd_Cmd30:
;__Lib_Lcd.c,28 :: 		
0x015A	0x8281      	BSF         LCD_EN, BitPos(LCD_EN+0) 
;__Lib_Lcd.c,29 :: 		
0x015C	0xDFC2      	RCALL       _Delay_1us
;__Lib_Lcd.c,30 :: 		
0x015E	0x9281      	BCF         LCD_EN, BitPos(LCD_EN+0) 
;__Lib_Lcd.c,33 :: 		
0x0160	0xB64F      	BTFSC       FARG_Lcd_Cmd_out_char, 3 
0x0162	0xD002      	BRA         L__Lcd_Cmd31
0x0164	0x9E81      	BCF         LCD_D7, BitPos(LCD_D7+0) 
0x0166	0xD001      	BRA         L__Lcd_Cmd32
L__Lcd_Cmd31:
0x0168	0x8E81      	BSF         LCD_D7, BitPos(LCD_D7+0) 
L__Lcd_Cmd32:
;__Lib_Lcd.c,34 :: 		
0x016A	0xB44F      	BTFSC       FARG_Lcd_Cmd_out_char, 2 
0x016C	0xD002      	BRA         L__Lcd_Cmd33
0x016E	0x9C81      	BCF         LCD_D6, BitPos(LCD_D6+0) 
0x0170	0xD001      	BRA         L__Lcd_Cmd34
L__Lcd_Cmd33:
0x0172	0x8C81      	BSF         LCD_D6, BitPos(LCD_D6+0) 
L__Lcd_Cmd34:
;__Lib_Lcd.c,35 :: 		
0x0174	0xB24F      	BTFSC       FARG_Lcd_Cmd_out_char, 1 
0x0176	0xD002      	BRA         L__Lcd_Cmd35
0x0178	0x9A81      	BCF         LCD_D5, BitPos(LCD_D5+0) 
0x017A	0xD001      	BRA         L__Lcd_Cmd36
L__Lcd_Cmd35:
0x017C	0x8A81      	BSF         LCD_D5, BitPos(LCD_D5+0) 
L__Lcd_Cmd36:
;__Lib_Lcd.c,36 :: 		
0x017E	0xB04F      	BTFSC       FARG_Lcd_Cmd_out_char, 0 
0x0180	0xD002      	BRA         L__Lcd_Cmd37
0x0182	0x9881      	BCF         LCD_D4, BitPos(LCD_D4+0) 
0x0184	0xD001      	BRA         L__Lcd_Cmd38
L__Lcd_Cmd37:
0x0186	0x8881      	BSF         LCD_D4, BitPos(LCD_D4+0) 
L__Lcd_Cmd38:
;__Lib_Lcd.c,38 :: 		
0x0188	0xB03D      	BTFSC       __Lib_Lcd_cmd_status, BitPos(__Lib_Lcd_cmd_status+0) 
0x018A	0xD002      	BRA         L__Lcd_Cmd39
0x018C	0x8081      	BSF         LCD_RS, BitPos(LCD_RS+0) 
0x018E	0xD001      	BRA         L__Lcd_Cmd40
L__Lcd_Cmd39:
0x0190	0x9081      	BCF         LCD_RS, BitPos(LCD_RS+0) 
L__Lcd_Cmd40:
;__Lib_Lcd.c,40 :: 		
0x0192	0x8281      	BSF         LCD_EN, BitPos(LCD_EN+0) 
;__Lib_Lcd.c,41 :: 		
0x0194	0xDFA6      	RCALL       _Delay_1us
;__Lib_Lcd.c,42 :: 		
0x0196	0x9281      	BCF         LCD_EN, BitPos(LCD_EN+0) 
;__Lib_Lcd.c,44 :: 		
0x0198	0xA03D      	BTFSS       __Lib_Lcd_cmd_status, BitPos(__Lib_Lcd_cmd_status+0) 
0x019A	0xD002      	BRA         L_Lcd_Cmd0
;__Lib_Lcd.c,45 :: 		
0x019C	0xDF97      	RCALL       _Delay_5500us
0x019E	0xD001      	BRA         L_Lcd_Cmd1
L_Lcd_Cmd0:
;__Lib_Lcd.c,47 :: 		
0x01A0	0xDFA3      	RCALL       _Delay_50us
L_Lcd_Cmd1:
;__Lib_Lcd.c,48 :: 		
L_end_Lcd_Cmd:
0x01A2	0x0012      	RETURN      0
; end of _Lcd_Cmd
_WordToStr:
;__Lib_Conversions.c,84 :: 		
;__Lib_Conversions.c,89 :: 		
0x01A4	0x6A4C      	CLRF        WordToStr_len_L0 
L_WordToStr6:
0x01A6	0x0E05      	MOVLW       5
0x01A8	0x5C4C      	SUBWF       WordToStr_len_L0, 0 
0x01AA	0xE20A      	BC          L_WordToStr7
;__Lib_Conversions.c,90 :: 		
0x01AC	0x504C      	MOVF        WordToStr_len_L0, 0 
0x01AE	0x244A      	ADDWF       FARG_WordToStr_output, 0 
0x01B0	0x6EE1      	MOVWF       FSR1L 
0x01B2	0x0E00      	MOVLW       0
0x01B4	0x204B      	ADDWFC      FARG_WordToStr_output+1, 0 
0x01B6	0x6EE2      	MOVWF       FSR1H 
0x01B8	0x0E20      	MOVLW       32
0x01BA	0x6EE6      	MOVWF       POSTINC1 
;__Lib_Conversions.c,89 :: 		
0x01BC	0x2A4C      	INCF        WordToStr_len_L0, 1 
;__Lib_Conversions.c,90 :: 		
0x01BE	0xD7F3      	BRA         L_WordToStr6
L_WordToStr7:
;__Lib_Conversions.c,91 :: 		
0x01C0	0x504C      	MOVF        WordToStr_len_L0, 0 
0x01C2	0x244A      	ADDWF       FARG_WordToStr_output, 0 
0x01C4	0x6EE1      	MOVWF       FSR1L 
0x01C6	0x0E00      	MOVLW       0
0x01C8	0x204B      	ADDWFC      FARG_WordToStr_output+1, 0 
0x01CA	0x6EE2      	MOVWF       FSR1H 
0x01CC	0x6AE6      	CLRF        POSTINC1 
0x01CE	0x064C      	DECF        WordToStr_len_L0, 1 
;__Lib_Conversions.c,93 :: 		
L_WordToStr9:
;__Lib_Conversions.c,94 :: 		
0x01D0	0x504C      	MOVF        WordToStr_len_L0, 0 
0x01D2	0x244A      	ADDWF       FARG_WordToStr_output, 0 
0x01D4	0x6E4D      	MOVWF       FLOC__WordToStr 
0x01D6	0x0E00      	MOVLW       0
0x01D8	0x204B      	ADDWFC      FARG_WordToStr_output+1, 0 
0x01DA	0x6E4E      	MOVWF       FLOC__WordToStr+1 
0x01DC	0x0E0A      	MOVLW       10
0x01DE	0x6E04      	MOVWF       R4 
0x01E0	0x0E00      	MOVLW       0
0x01E2	0x6E05      	MOVWF       R5 
0x01E4	0xF000C048  	MOVFF       FARG_WordToStr_input, R0
0x01E8	0xF001C049  	MOVFF       FARG_WordToStr_input+1, R1
0x01EC	0xDF82      	RCALL       _Div_16x16_U
0x01EE	0xF000C008  	MOVFF       R8, R0
0x01F2	0xF001C009  	MOVFF       R9, R1
0x01F6	0x0E30      	MOVLW       48
0x01F8	0x2600      	ADDWF       R0, 1 
0x01FA	0xFFE1C04D  	MOVFF       FLOC__WordToStr, FSR1L
0x01FE	0xFFE2C04E  	MOVFF       FLOC__WordToStr+1, FSR1H
0x0202	0xFFE6C000  	MOVFF       R0, POSTINC1
;__Lib_Conversions.c,95 :: 		
0x0206	0x0E0A      	MOVLW       10
0x0208	0x6E04      	MOVWF       R4 
0x020A	0x0E00      	MOVLW       0
0x020C	0x6E05      	MOVWF       R5 
0x020E	0xF000C048  	MOVFF       FARG_WordToStr_input, R0
0x0212	0xF001C049  	MOVFF       FARG_WordToStr_input+1, R1
0x0216	0xDF6D      	RCALL       _Div_16x16_U
0x0218	0xF048C000  	MOVFF       R0, FARG_WordToStr_input
0x021C	0xF049C001  	MOVFF       R1, FARG_WordToStr_input+1
;__Lib_Conversions.c,96 :: 		
0x0220	0x0E00      	MOVLW       0
0x0222	0x1801      	XORWF       R1, 0 
0x0224	0xE102      	BNZ         L__WordToStr109
0x0226	0x0E00      	MOVLW       0
0x0228	0x1800      	XORWF       R0, 0 
L__WordToStr109:
0x022A	0xE101      	BNZ         L_WordToStr11
;__Lib_Conversions.c,97 :: 		
0x022C	0xD002      	BRA         L_WordToStr10
L_WordToStr11:
;__Lib_Conversions.c,98 :: 		
0x022E	0x064C      	DECF        WordToStr_len_L0, 1 
;__Lib_Conversions.c,99 :: 		
0x0230	0xD7CF      	BRA         L_WordToStr9
L_WordToStr10:
;__Lib_Conversions.c,100 :: 		
L_end_WordToStr:
0x0232	0x0012      	RETURN      0
; end of _WordToStr
_Delay_22us:
;__Lib_Delays.c,15 :: 		void Delay_22us() {
;__Lib_Delays.c,16 :: 		Delay_us(22);
0x0234	0x0E0E      	MOVLW       14
0x0236	0x6E0D      	MOVWF       R13, 0
L_Delay_22us1:
0x0238	0x2E0D      	DECFSZ      R13, 1, 0
0x023A	0xD7FE      	BRA         L_Delay_22us1
0x023C	0x0000      	NOP
;__Lib_Delays.c,17 :: 		}
L_end_Delay_22us:
0x023E	0x0012      	RETURN      0
; end of _Delay_22us
_Lcd_Chr_CP:
;__Lib_Lcd.c,50 :: 		
;__Lib_Lcd.c,52 :: 		
0x0240	0x903D      	BCF         __Lib_Lcd_cmd_status, BitPos(__Lib_Lcd_cmd_status+0) 
;__Lib_Lcd.c,53 :: 		
0x0242	0xF04FC048  	MOVFF       FARG_Lcd_Chr_CP_out_char, FARG_Lcd_Cmd_out_char
0x0246	0xDF70      	RCALL       _Lcd_Cmd
;__Lib_Lcd.c,54 :: 		
0x0248	0x803D      	BSF         __Lib_Lcd_cmd_status, BitPos(__Lib_Lcd_cmd_status+0) 
;__Lib_Lcd.c,55 :: 		
L_end_Lcd_Chr_CP:
0x024A	0x0012      	RETURN      0
; end of _Lcd_Chr_CP
_UART1_Write:
;__Lib_UART_c67.c,58 :: 		
;__Lib_UART_c67.c,59 :: 		
L_UART1_Write3:
0x024C	0xB2AC      	BTFSC       TXSTA, 1 
0x024E	0xD002      	BRA         L_UART1_Write4
;__Lib_UART_c67.c,60 :: 		
0x0250	0x0000      	NOP
0x0252	0xD7FC      	BRA         L_UART1_Write3
L_UART1_Write4:
;__Lib_UART_c67.c,61 :: 		
0x0254	0xFFADC03E  	MOVFF       FARG_UART1_Write_data_, TXREG
;__Lib_UART_c67.c,62 :: 		
L_end_UART1_Write:
0x0258	0x0012      	RETURN      0
; end of _UART1_Write
_IntToStr:
;__Lib_Conversions.c,146 :: 		
;__Lib_Conversions.c,152 :: 		
0x025A	0x6A44      	CLRF        IntToStr_negative_L0 
0x025C	0x6A45      	CLRF        IntToStr_negative_L0+1 
;__Lib_Conversions.c,153 :: 		
0x025E	0xF046C03E  	MOVFF       FARG_IntToStr_input, IntToStr_inword_L0
0x0262	0xF047C03F  	MOVFF       FARG_IntToStr_input+1, IntToStr_inword_L0+1
;__Lib_Conversions.c,154 :: 		
0x0266	0x0E80      	MOVLW       128
0x0268	0x183F      	XORWF       FARG_IntToStr_input+1, 0 
0x026A	0x6E00      	MOVWF       R0 
0x026C	0x0E80      	MOVLW       128
0x026E	0x5C00      	SUBWF       R0, 0 
0x0270	0xE102      	BNZ         L__IntToStr115
0x0272	0x0E00      	MOVLW       0
0x0274	0x5C3E      	SUBWF       FARG_IntToStr_input, 0 
L__IntToStr115:
0x0276	0xE20B      	BC          L_IntToStr23
;__Lib_Conversions.c,155 :: 		
0x0278	0x0E01      	MOVLW       1
0x027A	0x6E44      	MOVWF       IntToStr_negative_L0 
0x027C	0x0E00      	MOVLW       0
0x027E	0x6E45      	MOVWF       IntToStr_negative_L0+1 
;__Lib_Conversions.c,156 :: 		
0x0280	0x503E      	MOVF        FARG_IntToStr_input, 0 
0x0282	0x0800      	SUBLW       0
0x0284	0x6E46      	MOVWF       IntToStr_inword_L0 
0x0286	0xF047C03F  	MOVFF       FARG_IntToStr_input+1, IntToStr_inword_L0+1
0x028A	0x0E00      	MOVLW       0
0x028C	0x5647      	SUBFWB      IntToStr_inword_L0+1, 1 
;__Lib_Conversions.c,157 :: 		
L_IntToStr23:
;__Lib_Conversions.c,158 :: 		
0x028E	0xF048C046  	MOVFF       IntToStr_inword_L0, FARG_WordToStr_input
0x0292	0xF049C047  	MOVFF       IntToStr_inword_L0+1, FARG_WordToStr_input+1
0x0296	0xF04AC040  	MOVFF       FARG_IntToStr_output, FARG_WordToStr_output
0x029A	0xF04BC041  	MOVFF       FARG_IntToStr_output+1, FARG_WordToStr_output+1
0x029E	0xDF82      	RCALL       _WordToStr
;__Lib_Conversions.c,160 :: 		
0x02A0	0x0E06      	MOVLW       6
0x02A2	0x6E42      	MOVWF       IntToStr_i_L0 
0x02A4	0x0E00      	MOVLW       0
0x02A6	0x6E43      	MOVWF       IntToStr_i_L0+1 
;__Lib_Conversions.c,161 :: 		
L_IntToStr24:
0x02A8	0x0E00      	MOVLW       0
0x02AA	0x6E00      	MOVWF       R0 
0x02AC	0x5043      	MOVF        IntToStr_i_L0+1, 0 
0x02AE	0x5C00      	SUBWF       R0, 0 
0x02B0	0xE102      	BNZ         L__IntToStr116
0x02B2	0x5042      	MOVF        IntToStr_i_L0, 0 
0x02B4	0x0800      	SUBLW       0
L__IntToStr116:
0x02B6	0xE219      	BC          L_IntToStr25
;__Lib_Conversions.c,162 :: 		
0x02B8	0x5042      	MOVF        IntToStr_i_L0, 0 
0x02BA	0x2440      	ADDWF       FARG_IntToStr_output, 0 
0x02BC	0x6EE1      	MOVWF       FSR1L 
0x02BE	0x5043      	MOVF        IntToStr_i_L0+1, 0 
0x02C0	0x2041      	ADDWFC      FARG_IntToStr_output+1, 0 
0x02C2	0x6EE2      	MOVWF       FSR1H 
0x02C4	0x0E01      	MOVLW       1
0x02C6	0x5C42      	SUBWF       IntToStr_i_L0, 0 
0x02C8	0x6E00      	MOVWF       R0 
0x02CA	0x0E00      	MOVLW       0
0x02CC	0x5843      	SUBWFB      IntToStr_i_L0+1, 0 
0x02CE	0x6E01      	MOVWF       R1 
0x02D0	0x5000      	MOVF        R0, 0 
0x02D2	0x2440      	ADDWF       FARG_IntToStr_output, 0 
0x02D4	0x6EE9      	MOVWF       FSR0L 
0x02D6	0x5001      	MOVF        R1, 0 
0x02D8	0x2041      	ADDWFC      FARG_IntToStr_output+1, 0 
0x02DA	0x6EEA      	MOVWF       FSR0H 
0x02DC	0xFFE6CFEE  	MOVFF       POSTINC0, POSTINC1
;__Lib_Conversions.c,163 :: 		
0x02E0	0x0E01      	MOVLW       1
0x02E2	0x5E42      	SUBWF       IntToStr_i_L0, 1 
0x02E4	0x0E00      	MOVLW       0
0x02E6	0x5A43      	SUBWFB      IntToStr_i_L0+1, 1 
;__Lib_Conversions.c,164 :: 		
0x02E8	0xD7DF      	BRA         L_IntToStr24
L_IntToStr25:
;__Lib_Conversions.c,165 :: 		
0x02EA	0xFFE1C040  	MOVFF       FARG_IntToStr_output, FSR1L
0x02EE	0xFFE2C041  	MOVFF       FARG_IntToStr_output+1, FSR1H
0x02F2	0x0E20      	MOVLW       32
0x02F4	0x6EE6      	MOVWF       POSTINC1 
;__Lib_Conversions.c,166 :: 		
0x02F6	0x5044      	MOVF        IntToStr_negative_L0, 0 
0x02F8	0x1045      	IORWF       IntToStr_negative_L0+1, 0 
0x02FA	0xE01A      	BZ          L_IntToStr26
;__Lib_Conversions.c,167 :: 		
0x02FC	0x6A42      	CLRF        IntToStr_i_L0 
0x02FE	0x6A43      	CLRF        IntToStr_i_L0+1 
;__Lib_Conversions.c,168 :: 		
L_IntToStr27:
0x0300	0x5042      	MOVF        IntToStr_i_L0, 0 
0x0302	0x2440      	ADDWF       FARG_IntToStr_output, 0 
0x0304	0x6EE9      	MOVWF       FSR0L 
0x0306	0x5043      	MOVF        IntToStr_i_L0+1, 0 
0x0308	0x2041      	ADDWFC      FARG_IntToStr_output+1, 0 
0x030A	0x6EEA      	MOVWF       FSR0H 
0x030C	0x50EE      	MOVF        POSTINC0, 0 
0x030E	0x0A20      	XORLW       32
0x0310	0xE103      	BNZ         L_IntToStr28
0x0312	0x4A42      	INFSNZ      IntToStr_i_L0, 1 
0x0314	0x2A43      	INCF        IntToStr_i_L0+1, 1 
0x0316	0xD7F4      	BRA         L_IntToStr27
L_IntToStr28:
;__Lib_Conversions.c,169 :: 		
0x0318	0x0E01      	MOVLW       1
0x031A	0x5E42      	SUBWF       IntToStr_i_L0, 1 
0x031C	0x0E00      	MOVLW       0
0x031E	0x5A43      	SUBWFB      IntToStr_i_L0+1, 1 
;__Lib_Conversions.c,170 :: 		
0x0320	0x5042      	MOVF        IntToStr_i_L0, 0 
0x0322	0x2440      	ADDWF       FARG_IntToStr_output, 0 
0x0324	0x6EE1      	MOVWF       FSR1L 
0x0326	0x5043      	MOVF        IntToStr_i_L0+1, 0 
0x0328	0x2041      	ADDWFC      FARG_IntToStr_output+1, 0 
0x032A	0x6EE2      	MOVWF       FSR1H 
0x032C	0x0E2D      	MOVLW       45
0x032E	0x6EE6      	MOVWF       POSTINC1 
L_IntToStr26:
;__Lib_Conversions.c,171 :: 		
L_end_IntToStr:
0x0330	0x0012      	RETURN      0
; end of _IntToStr
_UART1_Init:
;__Lib_UART_c67.c,15 :: 		
;__Lib_UART_c67.c,18 :: 		
0x0332	0x0E4C      	MOVLW       _UART1_Write
0x0334	0x6E22      	MOVWF       _UART_Wr_Ptr 
0x0336	0x0E02      	MOVLW       hi_addr(_UART1_Write)
0x0338	0x6E23      	MOVWF       _UART_Wr_Ptr+1 
0x033A	0x0E3E      	MOVLW       FARG_UART1_Write_data_
0x033C	0x6E24      	MOVWF       _UART_Wr_Ptr+2 
0x033E	0x0E00      	MOVLW       hi_addr(FARG_UART1_Write_data_)
0x0340	0x6E25      	MOVWF       _UART_Wr_Ptr+3 
;__Lib_UART_c67.c,19 :: 		
0x0342	0x0EFF      	MOVLW       _UART1_Read
0x0344	0x6E26      	MOVWF       _UART_Rd_Ptr 
0x0346	0x0EFF      	MOVLW       hi_addr(_UART1_Read)
0x0348	0x6E27      	MOVWF       _UART_Rd_Ptr+1 
0x034A	0x0E00      	MOVLW       0
0x034C	0x6E28      	MOVWF       _UART_Rd_Ptr+2 
0x034E	0x0E00      	MOVLW       0
0x0350	0x6E29      	MOVWF       _UART_Rd_Ptr+3 
;__Lib_UART_c67.c,20 :: 		
0x0352	0x0EFF      	MOVLW       _UART1_Data_Ready
0x0354	0x6E2A      	MOVWF       _UART_Rdy_Ptr 
0x0356	0x0EFF      	MOVLW       hi_addr(_UART1_Data_Ready)
0x0358	0x6E2B      	MOVWF       _UART_Rdy_Ptr+1 
0x035A	0x0E00      	MOVLW       0
0x035C	0x6E2C      	MOVWF       _UART_Rdy_Ptr+2 
0x035E	0x0E00      	MOVLW       0
0x0360	0x6E2D      	MOVWF       _UART_Rdy_Ptr+3 
;__Lib_UART_c67.c,21 :: 		
0x0362	0x0EFF      	MOVLW       _UART1_Tx_Idle
0x0364	0x6E39      	MOVWF       _UART_Tx_Idle_Ptr 
0x0366	0x0EFF      	MOVLW       hi_addr(_UART1_Tx_Idle)
0x0368	0x6E3A      	MOVWF       _UART_Tx_Idle_Ptr+1 
0x036A	0x0E00      	MOVLW       0
0x036C	0x6E3B      	MOVWF       _UART_Tx_Idle_Ptr+2 
0x036E	0x0E00      	MOVLW       0
0x0370	0x6E3C      	MOVWF       _UART_Tx_Idle_Ptr+3 
;__Lib_UART_c67.c,23 :: 		
0x0372	0x8AAC      	BSF         TXSTA, 5 
;__Lib_UART_c67.c,24 :: 		
0x0374	0x0E90      	MOVLW       144
0x0376	0x6EAB      	MOVWF       RCSTA 
;__Lib_UART_c67.c,25 :: 		
0x0378	0x8E94      	BSF         TRISC7_bit, BitPos(TRISC7_bit+0) 
;__Lib_UART_c67.c,26 :: 		
0x037A	0x9C94      	BCF         TRISC6_bit, BitPos(TRISC6_bit+0) 
;__Lib_UART_c67.c,28 :: 		
L_UART1_Init0:
0x037C	0xAA9E      	BTFSS       PIR1, 5 
0x037E	0xD003      	BRA         L_UART1_Init1
;__Lib_UART_c67.c,29 :: 		
0x0380	0xF000CFAE  	MOVFF       RCREG, R0
0x0384	0xD7FB      	BRA         L_UART1_Init0
L_UART1_Init1:
;__Lib_UART_c67.c,30 :: 		
L_end_UART1_Init:
0x0386	0x0012      	RETURN      0
; end of _UART1_Init
___CC2DW:
;__Lib_System.c,21 :: 		
;__Lib_System.c,23 :: 		
_CC2DL_Loop1:
;__Lib_System.c,24 :: 		
0x0388	0x0009      	TBLRD*+
;__Lib_System.c,25 :: 		
0x038A	0xFFE6CFF5  	MOVFF       TABLAT, POSTINC1
;__Lib_System.c,26 :: 		
0x038E	0x0600      	DECF        R0, 1, 0
;__Lib_System.c,27 :: 		
0x0390	0xE1FB      	BNZ         _CC2DL_Loop1
;__Lib_System.c,28 :: 		
0x0392	0x0601      	DECF        R1, 1, 0
;__Lib_System.c,29 :: 		
0x0394	0xE1F9      	BNZ         _CC2DL_Loop1
;__Lib_System.c,31 :: 		
L_end___CC2DW:
0x0396	0x0012      	RETURN      0
; end of ___CC2DW
_Mul_16x16_U:
;__Lib_Math.c,440 :: 		
;__Lib_Math.c,447 :: 		
0x0398	0x6A0B      	CLRF        R11, 0
;__Lib_Math.c,448 :: 		
0x039A	0x6A0A      	CLRF        R10, 0
;__Lib_Math.c,449 :: 		
0x039C	0x6A09      	CLRF        R9, 0
;__Lib_Math.c,450 :: 		
0x039E	0x5000      	MOVF        R0, 0, 0
;__Lib_Math.c,451 :: 		
0x03A0	0x0204      	MULWF       R4, 0
;__Lib_Math.c,453 :: 		
0x03A2	0xF009CFF4  	MOVFF       PRODH, R9
;__Lib_Math.c,454 :: 		
0x03A6	0xF008CFF3  	MOVFF       PRODL, R8
;__Lib_Math.c,455 :: 		
0x03AA	0x5001      	MOVF        R1, 0, 0
;__Lib_Math.c,456 :: 		
0x03AC	0x0205      	MULWF       R5, 0
;__Lib_Math.c,458 :: 		
0x03AE	0xF00BCFF4  	MOVFF       PRODH, R11
;__Lib_Math.c,459 :: 		
0x03B2	0xF00ACFF3  	MOVFF       PRODL, R10
;__Lib_Math.c,460 :: 		
0x03B6	0x5000      	MOVF        R0, 0, 0
;__Lib_Math.c,461 :: 		
0x03B8	0x0205      	MULWF       R5, 0
;__Lib_Math.c,463 :: 		
0x03BA	0x50F3      	MOVF        PRODL, 0, 0
;__Lib_Math.c,464 :: 		
0x03BC	0x2609      	ADDWF       R9, 1, 0
;__Lib_Math.c,465 :: 		
0x03BE	0x50F4      	MOVF        PRODH, 0, 0
;__Lib_Math.c,466 :: 		
0x03C0	0x220A      	ADDWFC      R10, 1, 0
;__Lib_Math.c,467 :: 		
0x03C2	0x6AE8      	CLRF        WREG, 0
;__Lib_Math.c,468 :: 		
0x03C4	0x220B      	ADDWFC      R11, 1, 0
;__Lib_Math.c,469 :: 		
0x03C6	0x5001      	MOVF        R1, 0, 0
;__Lib_Math.c,470 :: 		
0x03C8	0x0204      	MULWF       R4, 0
;__Lib_Math.c,472 :: 		
0x03CA	0x50F3      	MOVF        PRODL, 0, 0
;__Lib_Math.c,473 :: 		
0x03CC	0x2609      	ADDWF       R9, 1, 0
;__Lib_Math.c,474 :: 		
0x03CE	0x50F4      	MOVF        PRODH, 0, 0
;__Lib_Math.c,475 :: 		
0x03D0	0x220A      	ADDWFC      R10, 1, 0
;__Lib_Math.c,476 :: 		
0x03D2	0x6AE8      	CLRF        WREG, 0
;__Lib_Math.c,477 :: 		
0x03D4	0x220B      	ADDWFC      R11, 1, 0
;__Lib_Math.c,479 :: 		
0x03D6	0xF000C008  	MOVFF       R8, R0
;__Lib_Math.c,480 :: 		
0x03DA	0xF001C009  	MOVFF       R9, R1
;__Lib_Math.c,481 :: 		
0x03DE	0xF002C00A  	MOVFF       R10, R2
;__Lib_Math.c,482 :: 		
0x03E2	0xF003C00B  	MOVFF       R11, R3
;__Lib_Math.c,485 :: 		
L_end_Mul_16x16_U:
0x03E6	0x0012      	RETURN      0
; end of _Mul_16x16_U
_Lcd_Out:
;__Lib_Lcd.c,184 :: 		
;__Lib_Lcd.c,187 :: 		
0x03E8	0xD00F      	BRA         L_Lcd_Out11
;__Lib_Lcd.c,188 :: 		
L_Lcd_Out13:
0x03EA	0x0E80      	MOVLW       128
0x03EC	0x6E3E      	MOVWF       FARG_Lcd_Out_row 
0x03EE	0xD019      	BRA         L_Lcd_Out12
;__Lib_Lcd.c,189 :: 		
L_Lcd_Out14:
0x03F0	0x0EC0      	MOVLW       192
0x03F2	0x6E3E      	MOVWF       FARG_Lcd_Out_row 
0x03F4	0xD016      	BRA         L_Lcd_Out12
;__Lib_Lcd.c,190 :: 		
L_Lcd_Out15:
0x03F6	0x0E94      	MOVLW       148
0x03F8	0x6E3E      	MOVWF       FARG_Lcd_Out_row 
0x03FA	0xD013      	BRA         L_Lcd_Out12
;__Lib_Lcd.c,191 :: 		
L_Lcd_Out16:
0x03FC	0x0ED4      	MOVLW       212
0x03FE	0x6E3E      	MOVWF       FARG_Lcd_Out_row 
0x0400	0xD010      	BRA         L_Lcd_Out12
;__Lib_Lcd.c,192 :: 		
L_Lcd_Out17:
0x0402	0x0E80      	MOVLW       128
0x0404	0x6E3E      	MOVWF       FARG_Lcd_Out_row 
;__Lib_Lcd.c,193 :: 		
0x0406	0xD00D      	BRA         L_Lcd_Out12
L_Lcd_Out11:
0x0408	0x503E      	MOVF        FARG_Lcd_Out_row, 0 
0x040A	0x0A01      	XORLW       1
0x040C	0xE0EE      	BZ          L_Lcd_Out13
0x040E	0x503E      	MOVF        FARG_Lcd_Out_row, 0 
0x0410	0x0A02      	XORLW       2
0x0412	0xE0EE      	BZ          L_Lcd_Out14
0x0414	0x503E      	MOVF        FARG_Lcd_Out_row, 0 
0x0416	0x0A03      	XORLW       3
0x0418	0xE0EE      	BZ          L_Lcd_Out15
0x041A	0x503E      	MOVF        FARG_Lcd_Out_row, 0 
0x041C	0x0A04      	XORLW       4
0x041E	0xE0EE      	BZ          L_Lcd_Out16
0x0420	0xD7F0      	BRA         L_Lcd_Out17
L_Lcd_Out12:
;__Lib_Lcd.c,194 :: 		
0x0422	0x043F      	DECF        FARG_Lcd_Out_column, 0 
0x0424	0x6E00      	MOVWF       R0 
0x0426	0x503E      	MOVF        FARG_Lcd_Out_row, 0 
0x0428	0x2600      	ADDWF       R0, 1 
0x042A	0xF03EC000  	MOVFF       R0, FARG_Lcd_Out_row
;__Lib_Lcd.c,196 :: 		
0x042E	0xF04FC000  	MOVFF       R0, FARG_Lcd_Cmd_out_char
0x0432	0xDE7A      	RCALL       _Lcd_Cmd
;__Lib_Lcd.c,197 :: 		
0x0434	0x903D      	BCF         __Lib_Lcd_cmd_status, BitPos(__Lib_Lcd_cmd_status+0) 
;__Lib_Lcd.c,198 :: 		
0x0436	0x6A42      	CLRF        Lcd_Out_i_L0 
;__Lib_Lcd.c,199 :: 		
L_Lcd_Out18:
0x0438	0x5042      	MOVF        Lcd_Out_i_L0, 0 
0x043A	0x2440      	ADDWF       FARG_Lcd_Out_text, 0 
0x043C	0x6EE9      	MOVWF       FSR0L 
0x043E	0x0E00      	MOVLW       0
0x0440	0x2041      	ADDWFC      FARG_Lcd_Out_text+1, 0 
0x0442	0x6EEA      	MOVWF       FSR0H 
0x0444	0x52EE      	MOVF        POSTINC0, 1 
0x0446	0xE00B      	BZ          L_Lcd_Out19
;__Lib_Lcd.c,200 :: 		
0x0448	0x5042      	MOVF        Lcd_Out_i_L0, 0 
0x044A	0x2440      	ADDWF       FARG_Lcd_Out_text, 0 
0x044C	0x6EE9      	MOVWF       FSR0L 
0x044E	0x0E00      	MOVLW       0
0x0450	0x2041      	ADDWFC      FARG_Lcd_Out_text+1, 0 
0x0452	0x6EEA      	MOVWF       FSR0H 
0x0454	0xF048CFEE  	MOVFF       POSTINC0, FARG_Lcd_Chr_CP_out_char
0x0458	0xDEF3      	RCALL       _Lcd_Chr_CP
0x045A	0x2A42      	INCF        Lcd_Out_i_L0, 1 
0x045C	0xD7ED      	BRA         L_Lcd_Out18
L_Lcd_Out19:
;__Lib_Lcd.c,201 :: 		
0x045E	0x803D      	BSF         __Lib_Lcd_cmd_status, BitPos(__Lib_Lcd_cmd_status+0) 
;__Lib_Lcd.c,202 :: 		
L_end_Lcd_Out:
0x0460	0x0012      	RETURN      0
; end of _Lcd_Out
_Lcd_Init:
;__Lib_Lcd.c,84 :: 		
;__Lib_Lcd.c,86 :: 		
0x0462	0x9293      	BCF         LCD_EN_Direction, BitPos(LCD_EN_Direction+0) 
;__Lib_Lcd.c,87 :: 		
0x0464	0x9093      	BCF         LCD_RS_Direction, BitPos(LCD_RS_Direction+0) 
;__Lib_Lcd.c,88 :: 		
0x0466	0x9893      	BCF         LCD_D4_Direction, BitPos(LCD_D4_Direction+0) 
;__Lib_Lcd.c,89 :: 		
0x0468	0x9A93      	BCF         LCD_D5_Direction, BitPos(LCD_D5_Direction+0) 
;__Lib_Lcd.c,90 :: 		
0x046A	0x9C93      	BCF         LCD_D6_Direction, BitPos(LCD_D6_Direction+0) 
;__Lib_Lcd.c,91 :: 		
0x046C	0x9E93      	BCF         LCD_D7_Direction, BitPos(LCD_D7_Direction+0) 
;__Lib_Lcd.c,93 :: 		
0x046E	0x9281      	BCF         LCD_EN, BitPos(LCD_EN+0) 
;__Lib_Lcd.c,94 :: 		
0x0470	0x9081      	BCF         LCD_RS, BitPos(LCD_RS+0) 
;__Lib_Lcd.c,95 :: 		
0x0472	0x9E81      	BCF         LCD_D7, BitPos(LCD_D7+0) 
;__Lib_Lcd.c,96 :: 		
0x0474	0x9C81      	BCF         LCD_D6, BitPos(LCD_D6+0) 
;__Lib_Lcd.c,97 :: 		
0x0476	0x9A81      	BCF         LCD_D5, BitPos(LCD_D5+0) 
;__Lib_Lcd.c,98 :: 		
0x0478	0x9881      	BCF         LCD_D4, BitPos(LCD_D4+0) 
;__Lib_Lcd.c,100 :: 		
0x047A	0xDE28      	RCALL       _Delay_5500us
;__Lib_Lcd.c,101 :: 		
0x047C	0xDE27      	RCALL       _Delay_5500us
;__Lib_Lcd.c,102 :: 		
0x047E	0xDE26      	RCALL       _Delay_5500us
;__Lib_Lcd.c,105 :: 		
0x0480	0x8A81      	BSF         LCD_D5, BitPos(LCD_D5+0) 
;__Lib_Lcd.c,106 :: 		
0x0482	0x8881      	BSF         LCD_D4, BitPos(LCD_D4+0) 
;__Lib_Lcd.c,107 :: 		
0x0484	0x8281      	BSF         LCD_EN, BitPos(LCD_EN+0) 
;__Lib_Lcd.c,108 :: 		
0x0486	0xDE2D      	RCALL       _Delay_1us
;__Lib_Lcd.c,109 :: 		
0x0488	0x9281      	BCF         LCD_EN, BitPos(LCD_EN+0) 
;__Lib_Lcd.c,110 :: 		
0x048A	0xDE20      	RCALL       _Delay_5500us
;__Lib_Lcd.c,112 :: 		
0x048C	0x8281      	BSF         LCD_EN, BitPos(LCD_EN+0) 
;__Lib_Lcd.c,113 :: 		
0x048E	0xDE29      	RCALL       _Delay_1us
;__Lib_Lcd.c,114 :: 		
0x0490	0x9281      	BCF         LCD_EN, BitPos(LCD_EN+0) 
;__Lib_Lcd.c,115 :: 		
0x0492	0xDE1C      	RCALL       _Delay_5500us
;__Lib_Lcd.c,117 :: 		
0x0494	0x8281      	BSF         LCD_EN, BitPos(LCD_EN+0) 
;__Lib_Lcd.c,118 :: 		
0x0496	0xDE25      	RCALL       _Delay_1us
;__Lib_Lcd.c,119 :: 		
0x0498	0x9281      	BCF         LCD_EN, BitPos(LCD_EN+0) 
;__Lib_Lcd.c,120 :: 		
0x049A	0xDE18      	RCALL       _Delay_5500us
;__Lib_Lcd.c,123 :: 		
0x049C	0x9881      	BCF         LCD_D4, BitPos(LCD_D4+0) 
;__Lib_Lcd.c,124 :: 		
0x049E	0x8281      	BSF         LCD_EN, BitPos(LCD_EN+0) 
;__Lib_Lcd.c,125 :: 		
0x04A0	0xDE20      	RCALL       _Delay_1us
;__Lib_Lcd.c,126 :: 		
0x04A2	0x9281      	BCF         LCD_EN, BitPos(LCD_EN+0) 
;__Lib_Lcd.c,127 :: 		
0x04A4	0xDE13      	RCALL       _Delay_5500us
;__Lib_Lcd.c,130 :: 		
0x04A6	0x8281      	BSF         LCD_EN, BitPos(LCD_EN+0) 
;__Lib_Lcd.c,131 :: 		
0x04A8	0xDE1C      	RCALL       _Delay_1us
;__Lib_Lcd.c,132 :: 		
0x04AA	0x9281      	BCF         LCD_EN, BitPos(LCD_EN+0) 
;__Lib_Lcd.c,134 :: 		
0x04AC	0x9A81      	BCF         LCD_D5, BitPos(LCD_D5+0) 
;__Lib_Lcd.c,135 :: 		
0x04AE	0x8E81      	BSF         LCD_D7, BitPos(LCD_D7+0) 
;__Lib_Lcd.c,136 :: 		
0x04B0	0x8281      	BSF         LCD_EN, BitPos(LCD_EN+0) 
;__Lib_Lcd.c,137 :: 		
0x04B2	0xDE17      	RCALL       _Delay_1us
;__Lib_Lcd.c,138 :: 		
0x04B4	0x9281      	BCF         LCD_EN, BitPos(LCD_EN+0) 
;__Lib_Lcd.c,139 :: 		
0x04B6	0xDE0A      	RCALL       _Delay_5500us
;__Lib_Lcd.c,142 :: 		
0x04B8	0x9E81      	BCF         LCD_D7, BitPos(LCD_D7+0) 
;__Lib_Lcd.c,143 :: 		
0x04BA	0x8881      	BSF         LCD_D4, BitPos(LCD_D4+0) 
;__Lib_Lcd.c,144 :: 		
0x04BC	0x8281      	BSF         LCD_EN, BitPos(LCD_EN+0) 
;__Lib_Lcd.c,145 :: 		
0x04BE	0xDE11      	RCALL       _Delay_1us
;__Lib_Lcd.c,146 :: 		
0x04C0	0x9281      	BCF         LCD_EN, BitPos(LCD_EN+0) 
;__Lib_Lcd.c,148 :: 		
0x04C2	0x9881      	BCF         LCD_D4, BitPos(LCD_D4+0) 
;__Lib_Lcd.c,149 :: 		
0x04C4	0x8281      	BSF         LCD_EN, BitPos(LCD_EN+0) 
;__Lib_Lcd.c,150 :: 		
0x04C6	0xDE0D      	RCALL       _Delay_1us
;__Lib_Lcd.c,151 :: 		
0x04C8	0x9281      	BCF         LCD_EN, BitPos(LCD_EN+0) 
;__Lib_Lcd.c,152 :: 		
0x04CA	0xDE00      	RCALL       _Delay_5500us
;__Lib_Lcd.c,155 :: 		
0x04CC	0x8281      	BSF         LCD_EN, BitPos(LCD_EN+0) 
;__Lib_Lcd.c,156 :: 		
0x04CE	0xDE09      	RCALL       _Delay_1us
;__Lib_Lcd.c,157 :: 		
0x04D0	0x9281      	BCF         LCD_EN, BitPos(LCD_EN+0) 
;__Lib_Lcd.c,159 :: 		
0x04D2	0x8881      	BSF         LCD_D4, BitPos(LCD_D4+0) 
;__Lib_Lcd.c,160 :: 		
0x04D4	0x8281      	BSF         LCD_EN, BitPos(LCD_EN+0) 
;__Lib_Lcd.c,161 :: 		
0x04D6	0xDE05      	RCALL       _Delay_1us
;__Lib_Lcd.c,162 :: 		
0x04D8	0x9281      	BCF         LCD_EN, BitPos(LCD_EN+0) 
;__Lib_Lcd.c,163 :: 		
0x04DA	0xDDF8      	RCALL       _Delay_5500us
;__Lib_Lcd.c,166 :: 		
0x04DC	0x9881      	BCF         LCD_D4, BitPos(LCD_D4+0) 
;__Lib_Lcd.c,167 :: 		
0x04DE	0x8281      	BSF         LCD_EN, BitPos(LCD_EN+0) 
;__Lib_Lcd.c,168 :: 		
0x04E0	0xDE00      	RCALL       _Delay_1us
;__Lib_Lcd.c,169 :: 		
0x04E2	0x9281      	BCF         LCD_EN, BitPos(LCD_EN+0) 
;__Lib_Lcd.c,171 :: 		
0x04E4	0x8E81      	BSF         LCD_D7, BitPos(LCD_D7+0) 
;__Lib_Lcd.c,172 :: 		
0x04E6	0x8C81      	BSF         LCD_D6, BitPos(LCD_D6+0) 
;__Lib_Lcd.c,173 :: 		
0x04E8	0x8A81      	BSF         LCD_D5, BitPos(LCD_D5+0) 
;__Lib_Lcd.c,174 :: 		
0x04EA	0x8881      	BSF         LCD_D4, BitPos(LCD_D4+0) 
;__Lib_Lcd.c,175 :: 		
0x04EC	0x8281      	BSF         LCD_EN, BitPos(LCD_EN+0) 
;__Lib_Lcd.c,176 :: 		
0x04EE	0xDDF9      	RCALL       _Delay_1us
;__Lib_Lcd.c,177 :: 		
0x04F0	0x9281      	BCF         LCD_EN, BitPos(LCD_EN+0) 
;__Lib_Lcd.c,179 :: 		
0x04F2	0xDDEC      	RCALL       _Delay_5500us
;__Lib_Lcd.c,181 :: 		
0x04F4	0x803D      	BSF         __Lib_Lcd_cmd_status, BitPos(__Lib_Lcd_cmd_status+0) 
;__Lib_Lcd.c,182 :: 		
L_end_Lcd_Init:
0x04F6	0x0012      	RETURN      0
; end of _Lcd_Init
_ADC_Read:
;__Lib_ADC_A_C.c,41 :: 		
;__Lib_ADC_A_C.c,44 :: 		
0x04F8	0x6AC2      	CLRF        ADCON0 
;__Lib_ADC_A_C.c,45 :: 		
0x04FA	0x0EC0      	MOVLW       192
0x04FC	0x12C2      	IORWF       ADCON0, 1 
;__Lib_ADC_A_C.c,46 :: 		
0x04FE	0x8CC1      	BSF         ADCON1, 6 
;__Lib_ADC_A_C.c,48 :: 		
0x0500	0x8EC1      	BSF         ADCON1, 7 
;__Lib_ADC_A_C.c,49 :: 		
0x0502	0xF000C03E  	MOVFF       FARG_ADC_Read_channel, R0
0x0506	0x3600      	RLCF        R0, 1 
0x0508	0x9000      	BCF         R0, 0 
0x050A	0x3600      	RLCF        R0, 1 
0x050C	0x9000      	BCF         R0, 0 
0x050E	0x3600      	RLCF        R0, 1 
0x0510	0x9000      	BCF         R0, 0 
0x0512	0x5000      	MOVF        R0, 0 
0x0514	0x12C2      	IORWF       ADCON0, 1 
;__Lib_ADC_A_C.c,50 :: 		
0x0516	0x80C2      	BSF         ADCON0, 0 
;__Lib_ADC_A_C.c,51 :: 		
0x0518	0xDE8D      	RCALL       _Delay_22us
;__Lib_ADC_A_C.c,52 :: 		
0x051A	0x84C2      	BSF         ADCON0, 2 
;__Lib_ADC_A_C.c,53 :: 		
L_ADC_Read2:
0x051C	0xA4C2      	BTFSS       ADCON0, 2 
0x051E	0xD001      	BRA         L_ADC_Read3
;__Lib_ADC_A_C.c,54 :: 		
0x0520	0xD7FD      	BRA         L_ADC_Read2
L_ADC_Read3:
;__Lib_ADC_A_C.c,56 :: 		
0x0522	0xF001CFC4  	MOVFF       ADRESH, R1
0x0526	0x6A00      	CLRF        R0 
;__Lib_ADC_A_C.c,57 :: 		
0x0528	0x50C3      	MOVF        ADRESL, 0 
0x052A	0x1200      	IORWF       R0, 1 
0x052C	0x0E00      	MOVLW       0
0x052E	0x1201      	IORWF       R1, 1 
;__Lib_ADC_A_C.c,58 :: 		
0x0530	0x90C2      	BCF         ADCON0, 0 
;__Lib_ADC_A_C.c,60 :: 		
;__Lib_ADC_A_C.c,61 :: 		
L_end_ADC_Read:
0x0532	0x0012      	RETURN      0
; end of _ADC_Read
_main:
0x0534	0x0E54      	MOVLW       84
0x0536	0x6E17      	MOVWF       ?lstr1_MyProject 
0x0538	0x0E65      	MOVLW       101
0x053A	0x6E18      	MOVWF       24 
0x053C	0x0E6D      	MOVLW       109
0x053E	0x6E19      	MOVWF       25 
0x0540	0x0E70      	MOVLW       112
0x0542	0x6E1A      	MOVWF       26 
0x0544	0x0E43      	MOVLW       67
0x0546	0x6E1B      	MOVWF       27 
0x0548	0x0E20      	MOVLW       32
0x054A	0x6E1C      	MOVWF       28 
0x054C	0x0E3D      	MOVLW       61
0x054E	0x6E1D      	MOVWF       29 
0x0550	0x0E20      	MOVLW       32
0x0552	0x6E1E      	MOVWF       30 
0x0554	0x0E20      	MOVLW       32
0x0556	0x6E1F      	MOVWF       31 
0x0558	0x6A20      	CLRF        32 
0x055A	0x0E61      	MOVLW       97
0x055C	0x6E21      	MOVWF       _i 
;MyProject.c,54 :: 		void main() {
;MyProject.c,58 :: 		TRISB = 0;          // make PORTB output for LCD
0x055E	0x6A93      	CLRF        TRISB 
;MyProject.c,59 :: 		TRISC.F7 = 1;       // make RX input
0x0560	0x8E94      	BSF         TRISC, 7 
;MyProject.c,60 :: 		TRISC.F6 = 0;       // make TX output
0x0562	0x9C94      	BCF         TRISC, 6 
;MyProject.c,61 :: 		ADCON1 = 0x80;  // Configure all pins of PORTA as A/D channels
0x0564	0x0E80      	MOVLW       128
0x0566	0x6EC1      	MOVWF       ADCON1 
;MyProject.c,67 :: 		UART1_Init(9600);
0x0568	0x0E33      	MOVLW       51
0x056A	0x6EAF      	MOVWF       SPBRG 
0x056C	0x84AC      	BSF         TXSTA, 2, 0
0x056E	0xDEE1      	RCALL       _UART1_Init
;MyProject.c,70 :: 		i = 'A';
0x0570	0x0E41      	MOVLW       65
0x0572	0x6E21      	MOVWF       _i 
;MyProject.c,81 :: 		T1CON         = 0x31;
0x0574	0x0E31      	MOVLW       49
0x0576	0x6ECD      	MOVWF       T1CON 
;MyProject.c,82 :: 		TMR1IF_bit         = 0;
0x0578	0x909E      	BCF         TMR1IF_bit, BitPos(TMR1IF_bit+0) 
;MyProject.c,83 :: 		TMR1H         = 0x3C;
0x057A	0x0E3C      	MOVLW       60
0x057C	0x6ECF      	MOVWF       TMR1H 
;MyProject.c,84 :: 		TMR1L         = 0xAF;
0x057E	0x0EAF      	MOVLW       175
0x0580	0x6ECE      	MOVWF       TMR1L 
;MyProject.c,85 :: 		TMR1IE_bit         = 1;
0x0582	0x809D      	BSF         TMR1IE_bit, BitPos(TMR1IE_bit+0) 
;MyProject.c,86 :: 		INTCON         = 0xC0;
0x0584	0x0EC0      	MOVLW       192
0x0586	0x6EF2      	MOVWF       INTCON 
;MyProject.c,90 :: 		}
L_end_main:
0x0588	0xD7FF      	BRA         $+0
; end of _main
Symbol List:
//** Routines locations **
//ADDRESS    SIZE    PROCEDURE
//----------------------------------------------
0x0008     [196]    _Interrupt
0x00CC      [22]    _Delay_5500us
0x00E2       [6]    _Delay_1us
0x00E8      [10]    _Delay_50us
0x00F2      [54]    _Div_16x16_U
0x0128     [124]    _Lcd_Cmd
0x01A4     [144]    _WordToStr
0x0234      [12]    _Delay_22us
0x0240      [12]    _Lcd_Chr_CP
0x024C      [14]    _UART1_Write
0x025A     [216]    _IntToStr
0x0332      [86]    _UART1_Init
0x0388      [16]    ___CC2DW
0x0398      [80]    _Mul_16x16_U
0x03E8     [122]    _Lcd_Out
0x0462     [150]    _Lcd_Init
0x04F8      [60]    _ADC_Read
0x0534      [86]    _main
//** Variables locations ** 
//ADDRESS    SIZE    VARIABLE
//----------------------------------------------
0x0000       [1]    SPI1_Write_tmp_L0
0x0000       [1]    R0
0x0000       [1]    __Lib_SoftI2C_PutZerosToLATSda_temp_sda_L0
0x0000       [1]    UART1_Init_tmp_L0
0x0000       [1]    __Lib_SoftI2C_PutZerosToLATScl_temp_scl_L0
0x0000       [1]    EEPROM_Write_SaveINTCON_L0
0x0000       [1]    FLASH_Erase_64_SaveINTCON_L0
0x0001       [1]    __Lib_TFT_16bit_JPEG_FileReadBytes_Result_L0
0x0001       [1]    FLASH_Erase_Write_64_i_L0
0x0001       [1]    __Lib_PS2_Wait_Falling_nsample_L0
0x0001       [1]    I2C1_Rd_tmp_L0
0x0001       [2]    FLASH_Read_N_Bytes_i_L0
0x0001       [1]    __Lib_TFT_16bit_JPEG_FileRead_i_L0
0x0001       [1]    UART1_Read___tmp_UART1_Read_L0
0x0001       [1]    R1
0x0001       [1]    ispunct_rslt_L0
0x0001       [1]    FLASH_Write_8_i_L0
0x0001       [1]    __Lib_TFT_JPEG_FileRead_i_L0
0x0001       [1]    __Lib_TFT_JPEG_FileReadBytes_Result_L0
0x0002       [2]    memchr_s_L0
0x0002       [2]    memset_pp_L0
0x0002       [2]    memcpy_dd_L0
0x0002       [1]    FLASH_Write_8_SaveINTCON_L0
0x0002       [2]    strlen_cp_L0
0x0002       [1]    FLASH_Erase_Write_64_j_L0
0x0002       [1]    R2
0x0003       [1]    MM_Init_i_L0
0x0003       [1]    FLASH_Erase_Write_64_SaveINTCON_L0
0x0003       [2]    __Lib_MmcFat16_f16_toInt_l_L0
0x0003       [2]    MM_TotalFreeMemSize_Tot_L0
0x0003       [2]    Ltrim_original_L0
0x0003       [1]    R3
0x0003       [2]    memmove_tt_L0
0x0004       [2]    __Lib_MemManager_MM_GetMemAlign_P_L0
0x0004       [1]    R4
0x0004       [2]    strncpy_cp_L0
0x0004       [2]    frexp_pom_L0
0x0004       [2]    strcat_cp_L0
0x0004       [2]    memcpy_ss_L0
0x0004       [2]    strcpy_cp_L0
0x0004       [2]    strncat_cp_L0
0x0005       [1]    R5
0x0005       [2]    LongWordToHex_input_half_L0
0x0005       [2]    LongIntToHex_input_half_L0
0x0005       [2]    Ltrim_p_L0
0x0005       [2]    memmove_ff_L0
0x0005       [1]    MM_TotalFreeMemSize_i_L0
0x0006       [1]    __Lib_MemManager_MM_GetMemAlign_i_L0
0x0006       [1]    R6
0x0007       [1]    __Lib_TFT_JPEG_GenerateHuffmanTables_bLength_L0
0x0007       [1]    __Lib_TFT_16bit_JPEG_GenerateHuffmanTables_bLength_L0
0x0007       [1]    R7
0x0008       [1]    R8
0x0008       [1]    __Lib_TFT_16bit_JPEG_GenerateHuffmanTables_bTable_L0
0x0008       [1]    __Lib_TFT_JPEG_GenerateHuffmanTables_bTable_L0
0x0009       [4]    __Lib_MmcFat16_f16_toLong_l_L0
0x0009       [1]    R9
0x000A       [1]    R10
0x000B       [1]    R11
0x000C       [1]    R12
0x000D       [1]    R13
0x000E       [1]    R14
0x000F       [1]    R15
0x0010       [1]    R16
0x0011       [1]    R17
0x0012       [1]    R18
0x0013       [1]    R19
0x0014       [1]    R20
0x0017      [10]    ?lstr1_MyProject
0x0021       [1]    _i
0x0022       [4]    _UART_Wr_Ptr
0x0026       [4]    _UART_Rd_Ptr
0x002A       [4]    _UART_Rdy_Ptr
0x002E       [7]    _txt
0x0035       [2]    _temp1
0x0037       [2]    _adc1
0x0039       [4]    _UART_Tx_Idle_Ptr
0x003D       [0]    __Lib_Lcd_cmd_status
0x003E       [1]    FARG_UART1_Write_data_
0x003E       [2]    FARG_IntToStr_input
0x003E       [1]    FARG_Lcd_Out_row
0x003E       [1]    FARG_ADC_Read_channel
0x003F       [1]    FARG_Lcd_Out_column
0x0040       [2]    FARG_Lcd_Out_text
0x0040       [2]    FARG_IntToStr_output
0x0042       [1]    Lcd_Out_i_L0
0x0042       [2]    IntToStr_i_L0
0x0044       [2]    IntToStr_negative_L0
0x0046       [2]    IntToStr_inword_L0
0x0048       [1]    FARG_Lcd_Chr_CP_out_char
0x0048       [2]    FARG_WordToStr_input
0x004A       [2]    FARG_WordToStr_output
0x004C       [1]    WordToStr_len_L0
0x004D       [2]    FLOC__WordToStr
0x004F       [1]    FARG_Lcd_Cmd_out_char
0x0F81       [0]    RB4_bit
0x0F81       [0]    LCD_D4
0x0F81       [0]    LCD_D5
0x0F81       [0]    LCD_D6
0x0F81       [0]    LCD_D7
0x0F81       [0]    RB1_bit
0x0F81       [0]    RB0_bit
0x0F81       [0]    LCD_EN
0x0F81       [0]    RB7_bit
0x0F81       [0]    LCD_RS
0x0F81       [0]    RB6_bit
0x0F81       [0]    RB5_bit
0x0F93       [0]    LCD_D5_Direction
0x0F93       [0]    LCD_RS_Direction
0x0F93       [0]    LCD_EN_Direction
0x0F93       [1]    TRISB
0x0F93       [0]    LCD_D4_Direction
0x0F93       [0]    TRISB0_bit
0x0F93       [0]    LCD_D6_Direction
0x0F93       [0]    LCD_D7_Direction
0x0F93       [0]    TRISB4_bit
0x0F93       [0]    TRISB7_bit
0x0F93       [0]    TRISB6_bit
0x0F93       [0]    TRISB1_bit
0x0F93       [0]    TRISB5_bit
0x0F94       [0]    TRISC6_bit
0x0F94       [1]    TRISC
0x0F94       [0]    TRISC7_bit
0x0F9D       [0]    TMR1IE_bit
0x0F9E       [0]    TMR1IF_bit
0x0F9E       [1]    PIR1
0x0FAB       [1]    RCSTA
0x0FAC       [1]    TXSTA
0x0FAD       [1]    TXREG
0x0FAE       [1]    RCREG
0x0FAF       [1]    SPBRG
0x0FC1       [1]    ADCON1
0x0FC2       [1]    ADCON0
0x0FC3       [1]    ADRESL
0x0FC4       [1]    ADRESH
0x0FCD       [1]    T1CON
0x0FCE       [1]    TMR1L
0x0FCF       [1]    TMR1H
0x0FD8       [1]    STATUS
0x0FD9       [1]    FSR2L
0x0FDA       [1]    FSR2H
0x0FDE       [1]    POSTINC2
0x0FE0       [1]    BSR
0x0FE1       [1]    FSR1L
0x0FE2       [1]    FSR1H
0x0FE4       [1]    PREINC1
0x0FE6       [1]    POSTINC1
0x0FE7       [1]    INDF1
0x0FE8       [1]    WREG
0x0FE9       [1]    FSR0L
0x0FEA       [1]    FSR0H
0x0FEE       [1]    POSTINC0
0x0FF2       [1]    INTCON
0x0FF3       [1]    PRODL
0x0FF4       [1]    PRODH
0x0FF5       [1]    TABLAT
0x0FF6       [1]    TBLPTRL
0x0FF7       [1]    TBLPTRH
0x0FF8       [1]    TBLPTRU
//** Label List: ** 
//----------------------------------------------
  L_Interrupt0
  L_Interrupt1
  L_end_Interrupt
  _Interrupt
  L__Interrupt3
  L__Interrupt4
  L__Interrupt5
  L_end_main
  _main
  _CC2D_Loop1
  _CC2DL_Loop1
  L_loopCA2AWs
  L_loopCCA2AWs
  L_loopCS2Ss
  L_CS2Send
  L_loopCCS2Ss
  L_CCS2Send
  L_loopFZinSWs
  L_longjmp7
  L_end___CC2D
  ___CC2D
  L_end___CC2DW
  ___CC2DW
  L_end___CA2AW
  ___CA2AW
  L_end___CCA2AW
  ___CCA2AW
  L_end___CS2S
  ___CS2S
  L_end___CCS2S
  ___CCS2S
  L_end___FZinS
  ___FZinS
  L_end_____DoIFC
  _____DoIFC
  L_end_Swap
  _Swap
  L_end_setjmp
  _setjmp
  L_end_longjmp
  _longjmp
  L_UART1_Init0
  L_UART1_Init1
  L_UART1_Read2
  L_UART1_Write3
  L_UART1_Write4
  L_UART1_Write_Text5
  L_UART1_Write_Text6
  L_UART1_Read_Text7
  L_UART1_Read_Text8
  L_UART1_Read_Text9
  L_UART1_Read_Text10
  L_UART1_Read_Text11
  L_UART1_Read_Text12
  L_UART1_Read_Text13
  L_UART1_Read_Text14
  L_UART1_Read_Text15
  L_UART_Write_Text16
  L_UART_Write_Text17
  L_UART_Read_Text18
  L_UART_Read_Text19
  L_UART_Read_Text20
  L_UART_Read_Text21
  L_UART_Read_Text22
  L_UART_Read_Text23
  L_UART_Read_Text24
  L_UART_Read_Text25
  L_UART_Read_Text26
  L_end_UART1_Init
  _UART1_Init
  L_end_UART1_Data_Ready
  _UART1_Data_Ready
  L_end_UART1_Read
  _UART1_Read
  L_end_UART1_Tx_Idle
  _UART1_Tx_Idle
  L_end_UART1_Write
  _UART1_Write
  L_end_UART1_Write_Text
  _UART1_Write_Text
  L_end_UART1_Read_Text
  _UART1_Read_Text
  L_end_UART_Set_Active
  _UART_Set_Active
  L_end_UART_Write
  _UART_Write
  L_end_UART_Write_Text
  _UART_Write_Text
  L_end_UART_Read
  _UART_Read
  L_end_UART_Data_Ready
  _UART_Data_Ready
  L_end_UART_Read_Text
  _UART_Read_Text
  L_end_UART_Tx_Idle
  _UART_Tx_Idle
  L_Interrupt0
  L_Interrupt1
  L_end_Interrupt
  _Interrupt
  L__Interrupt3
  L__Interrupt4
  L__Interrupt5
  L_end_main
  _main
  L_ADC_Get_Sample0
  L_ADC_Get_Sample1
  L_ADC_Read2
  L_ADC_Read3
  L_end_ADC_Init
  _ADC_Init
  L_end_ADC_Get_Sample
  _ADC_Get_Sample
  L_end_ADC_Read
  _ADC_Read
  L_ByteToStr0
  L_ByteToStr1
  L_ByteToStr2
  L_ByteToStr3
  L_ByteToStr4
  L_ByteToStr5
  L_WordToStr6
  L_WordToStr7
  L_WordToStr8
  L_WordToStr9
  L_WordToStr10
  L_WordToStr11
  L_WordToStrWithZeros12
  L_WordToStrWithZeros13
  L_WordToStrWithZeros14
  L_WordToStrWithZeros15
  L_WordToStrWithZeros16
  L_ShortToStr17
  L_ShortToStr18
  L_ShortToStr19
  L_ShortToStr20
  L_ShortToStr21
  L_ShortToStr22
  L_IntToStr23
  L_IntToStr24
  L_IntToStr25
  L_IntToStr26
  L_IntToStr27
  L_IntToStr28
  L_IntToStrWithZeros29
  L_IntToStrWithZeros30
  L_IntToStrWithZeros31
  L_IntToStrWithZeros32
  L_IntToStrWithZeros33
  L_IntToStrWithZeros34
  L_IntToStrWithZeros35
  L_IntToStrWithZeros36
  L_IntToStrWithZeros37
  L_LongWordToStr38
  L_LongWordToStr39
  L_LongWordToStr40
  L_LongWordToStr41
  L_LongWordToStr42
  L_LongWordToStr43
  L_LongWordToStrWithZeros44
  L_LongWordToStrWithZeros45
  L_LongWordToStrWithZeros46
  L_LongWordToStrWithZeros47
  L_LongWordToStrWithZeros48
  L_LongToStr49
  L_LongToStr50
  L_LongToStr51
  L_LongToStr52
  L_LongToStr53
  L_LongToStr54
  L_LongIntToStrWithZeros55
  L_LongIntToStrWithZeros56
  L_LongIntToStrWithZeros57
  L_LongIntToStrWithZeros58
  L_LongIntToStrWithZeros59
  L_LongIntToStrWithZeros60
  L_LongIntToStrWithZeros61
  L_LongIntToStrWithZeros62
  L_LongIntToStrWithZeros63
  L_Dec2Bcd64
  L_Dec2Bcd65
  L_Rtrim66
  L_Rtrim67
  L_Rtrim68
  L_Rtrim69
  L_Ltrim70
  L_Ltrim71
  L_Ltrim72
  L_Ltrim73
  L_Ltrim74
  L_Ltrim75
  L_FloatToStr76
  L_FloatToStr77
  L_FloatToStr78
  L_FloatToStr79
  L_FloatToStr80
  L_FloatToStr81
  L_FloatToStr82
  L_FloatToStr83
  L_FloatToStr84
  L_FloatToStr85
  L_FloatToStr86
  L_FloatToStr87
  L_FloatToStr88
  L_FloatToStr89
  L_FloatToStr90
  L_FloatToStr91
  L_FloatToStr92
  L_FloatToStr93
  L_FloatToStr94
  L_FloatToStr95
  L_FloatToStr96
  L_FloatToStr97
  L__Rtrim98
  L__Ltrim99
  L__FloatToStr100
  L_end_ByteToHex
  _ByteToHex
  L_end_ShortToHex
  _ShortToHex
  L_end_WordToHex
  _WordToHex
  L_end_IntToHex
  _IntToHex
  L_end_LongWordToHex
  _LongWordToHex
  L_end_LongIntToHex
  _LongIntToHex
  L_end_ByteToStr
  _ByteToStr
  L_end_WordToStr
  _WordToStr
  L__WordToStr109
  L_end_WordToStrWithZeros
  _WordToStrWithZeros
  L__WordToStrWithZeros111
  L_end_ShortToStr
  _ShortToStr
  L__ShortToStr113
  L_end_IntToStr
  _IntToStr
  L__IntToStr115
  L__IntToStr116
  L_end_IntToStrWithZeros
  _IntToStrWithZeros
  L__IntToStrWithZeros118
  L__IntToStrWithZeros119
  L__IntToStrWithZeros120
  L_end_LongWordToStr
  _LongWordToStr
  L__LongWordToStr122
  L__LongWordToStr123
  L_end_LongWordToStrWithZeros
  _LongWordToStrWithZeros
  L__LongWordToStrWithZeros125
  L_end_LongToStr
  _LongToStr
  L__LongToStr127
  L__LongToStr128
  L_end_LongIntToStrWithZeros
  _LongIntToStrWithZeros
  L__LongIntToStrWithZeros130
  L__LongIntToStrWithZeros131
  L__LongIntToStrWithZeros132
  L_end_Dec2Bcd
  _Dec2Bcd
  L_end_Bcd2Dec
  _Bcd2Dec
  L_end_Bcd2Dec16
  _Bcd2Dec16
  L__Bcd2Dec16136
  L__Bcd2Dec16137
  L_end_Dec2Bcd16
  _Dec2Bcd16
  L__Dec2Bcd16139
  L__Dec2Bcd16140
  L_end_Rtrim
  _Rtrim
  L__Rtrim142
  L_end_Ltrim
  _Ltrim
  L_end_FloatToStr
  _FloatToStr
  L__FloatToStr145
  L__FloatToStr146
  L__FloatToStr147
  L__FloatToStr148
  L__FloatToStr149
  L_Delay_10us0
  L_Delay_22us1
  L_Delay_50us2
  L_Delay_80us3
  L_Delay_500us4
  L_Delay_5500us5
  L_Delay_1ms6
  L_Delay_5ms7
  L_Delay_8ms8
  L_Delay_100ms9
  L_Delay_10ms10
  L_Delay_1sec11
  L____Boot_Delay4k12
  L____Boot_Delay8k13
  L____Boot_Delay12k14
  L____Boot_Delay16k15
  L____Boot_Delay24k16
  L____Boot_Delay32k17
  L____Boot_Delay48k18
  L____Boot_Delay64k19
  L____Boot_Delay128k20
  L_Delay_Cyc21
  L_Delay_Cyc22
  L_VDelay_ms23
  L_VDelay_ms24
  L_VDelay_ms25
  L_VDelay_Advanced_ms26
  L_VDelay_Advanced_ms27
  L_VDelay_Advanced_ms28
  L_end_Get_Fosc_kHz
  _Get_Fosc_kHz
  L_end_Delay_1us
  _Delay_1us
  L_end_Delay_10us
  _Delay_10us
  L_end_Delay_22us
  _Delay_22us
  L_end_Delay_50us
  _Delay_50us
  L_end_Delay_80us
  _Delay_80us
  L_end_Delay_500us
  _Delay_500us
  L_end_Delay_5500us
  _Delay_5500us
  L_end_Delay_1ms
  _Delay_1ms
  L_end_Delay_5ms
  _Delay_5ms
  L_end_Delay_8ms
  _Delay_8ms
  L_end_Delay_100ms
  _Delay_100ms
  L_end_Delay_10ms
  _Delay_10ms
  L_end_Delay_1sec
  _Delay_1sec
  L_end____Boot_Delay4k
  ____Boot_Delay4k
  L_end____Boot_Delay8k
  ____Boot_Delay8k
  L_end____Boot_Delay12k
  ____Boot_Delay12k
  L_end____Boot_Delay16k
  ____Boot_Delay16k
  L_end____Boot_Delay24k
  ____Boot_Delay24k
  L_end____Boot_Delay32k
  ____Boot_Delay32k
  L_end____Boot_Delay48k
  ____Boot_Delay48k
  L_end____Boot_Delay64k
  ____Boot_Delay64k
  L_end____Boot_Delay128k
  ____Boot_Delay128k
  L_end_Delay_Cyc
  _Delay_Cyc
  L_end_VDelay_ms
  _VDelay_ms
  L__VDelay_ms54
  L__VDelay_ms55
  L__VDelay_ms56
  L_end_VDelay_Advanced_ms
  _VDelay_Advanced_ms
  L__VDelay_Advanced_ms58
  L__VDelay_Advanced_ms59
  L__VDelay_Advanced_ms60
  L_Lcd_Cmd0
  L_Lcd_Cmd1
  L_Lcd_Out_CP2
  L_Lcd_Out_CP3
  L_Lcd_Chr4
  L_Lcd_Chr5
  L_Lcd_Chr6
  L_Lcd_Chr7
  L_Lcd_Chr8
  L_Lcd_Chr9
  L_Lcd_Chr10
  L_Lcd_Out11
  L_Lcd_Out12
  L_Lcd_Out13
  L_Lcd_Out14
  L_Lcd_Out15
  L_Lcd_Out16
  L_Lcd_Out17
  L_Lcd_Out18
  L_Lcd_Out19
  L_end_Lcd_Cmd
  _Lcd_Cmd
  L__Lcd_Cmd21
  L__Lcd_Cmd22
  L__Lcd_Cmd23
  L__Lcd_Cmd24
  L__Lcd_Cmd25
  L__Lcd_Cmd26
  L__Lcd_Cmd27
  L__Lcd_Cmd28
  L__Lcd_Cmd29
  L__Lcd_Cmd30
  L__Lcd_Cmd31
  L__Lcd_Cmd32
  L__Lcd_Cmd33
  L__Lcd_Cmd34
  L__Lcd_Cmd35
  L__Lcd_Cmd36
  L__Lcd_Cmd37
  L__Lcd_Cmd38
  L__Lcd_Cmd39
  L__Lcd_Cmd40
  L_end_Lcd_Chr_CP
  _Lcd_Chr_CP
  L_end_Lcd_Out_CP
  _Lcd_Out_CP
  L_end_Lcd_Chr
  _Lcd_Chr
  L_end_Lcd_Init
  _Lcd_Init
  L_end_Lcd_Out
  _Lcd_Out
  L_Div_16x16_S0
  L_Div_16x16_S1
  LOOPS3232A
  SADD22LA
  SOK22LA
  SADD22L8
  SOK22L8
  LOOPS3232B
  SADD22LB
  SOK22LB
  SADD22L16
  SOK22L16
  LOOPS3232C
  SADD22LC
  SOK22LC
  SADD22L24
  SOK22L24
  LOOPS3232D
  SADD22LD
  SOK22LD
  SOK22L
  L_Div_32x32_S6
  L_Div_32x32_S7
  L_Div_32x32_S8
  L_Div_32x32_S9
  FXD3232S
  END_ALL
  CA3232S
  C3232SX
  C3232SX1
  C3232S
  C3232S2
  C3232SX4
  C3232SOK
  C3232SX3
  C3232SX2
  avoid_comfrem
  LOOPU3232A
  UADD22LA
  UOK22LA
  UADD22L8
  UOK22L8
  LOOPU3232B
  UADD22LB
  UOK22LB
  UADD22L16
  UOK22L16
  LOOPU3232C
  UADD22LC
  UOK22LC
  UADD22L24
  UOK22L24
  LOOPU3232D
  UADD22LD
  UOK22LD
  UOK22L
  _NEXT
  _EXIT2
  _LOOP
  _EXIT1
  _IF_FIRST
  _IF_SECOND
  _INVERCE_FIRST
  _MULT
  _INBERSE_SECOND
  _EXIT
  L_end_Div_8x8_U
  _Div_8x8_U
  L_end_Div_16x16_U
  _Div_16x16_U
  L_end_Div_16x16_S_L
  _Div_16x16_S_L
  L_end_Div_16x16_S
  _Div_16x16_S
  L_end_Div_8x8_S
  _Div_8x8_S
  L_end_Mul_8x8_S
  _Mul_8x8_S
  L_end_Mul_16x16_U
  _Mul_16x16_U
  L_end_Mul_16x16_S
  _Mul_16x16_S
  L_end_SDIV3232L
  _SDIV3232L
  L_end_COMFREM
  _COMFREM
  L_end_Div_32x32_S
  _Div_32x32_S
  L_end_Div_32x32_U
  _Div_32x32_U
  L_end_Mul_32x32_U
  _Mul_32x32_U
  L_end_Mul_32x32_S
  _Mul_32x32_S
  L_UART1_Init0
  L_UART1_Init1
  L_UART1_Read2
  L_UART1_Write3
  L_UART1_Write4
  L_UART1_Write_Text5
  L_UART1_Write_Text6
  L_UART1_Read_Text7
  L_UART1_Read_Text8
  L_UART1_Read_Text9
  L_UART1_Read_Text10
  L_UART1_Read_Text11
  L_UART1_Read_Text12
  L_UART1_Read_Text13
  L_UART1_Read_Text14
  L_UART1_Read_Text15
  L_UART_Write_Text16
  L_UART_Write_Text17
  L_UART_Read_Text18
  L_UART_Read_Text19
  L_UART_Read_Text20
  L_UART_Read_Text21
  L_UART_Read_Text22
  L_UART_Read_Text23
  L_UART_Read_Text24
  L_UART_Read_Text25
  L_UART_Read_Text26
  L_end_UART1_Init
  _UART1_Init
  L_end_UART1_Data_Ready
  _UART1_Data_Ready
  L_end_UART1_Read
  _UART1_Read
  L_end_UART1_Tx_Idle
  _UART1_Tx_Idle
  L_end_UART1_Write
  _UART1_Write
  L_end_UART1_Write_Text
  _UART1_Write_Text
  L_end_UART1_Read_Text
  _UART1_Read_Text
  L_end_UART_Set_Active
  _UART_Set_Active
  L_end_UART_Write
  _UART_Write
  L_end_UART_Write_Text
  _UART_Write_Text
  L_end_UART_Read
  _UART_Read
  L_end_UART_Data_Ready
  _UART_Data_Ready
  L_end_UART_Read_Text
  _UART_Read_Text
  L_end_UART_Tx_Idle
  _UART_Tx_Idle
