;  LST file generated by mikroListExporter - v.2.0 
; Date/Time: 12/4/2017 6:04:41 PM
;----------------------------------------------

;Address Opcode 	ASM
0x0000	0xF000EF6C  	GOTO        216
0x0004	0x0000      	NOP
0x0006	0x0000      	NOP
0x0008	0xF000EF00  	GOTO        0
0x000C	0x0000      	NOP
0x000E	0x0000      	NOP
0x0010	0x0000      	NOP
0x0012	0x0000      	NOP
0x0014	0x0000      	NOP
0x0016	0x0000      	NOP
0x0018	0xD7F3      	BRA         0
_UART1_Write:
;__Lib_UART_c67.c,58 :: 		
;__Lib_UART_c67.c,59 :: 		
L_UART1_Write3:
0x001C	0xB2AC      	BTFSC       TXSTA, 1 
0x001E	0xD002      	BRA         L_UART1_Write4
;__Lib_UART_c67.c,60 :: 		
0x0020	0x0000      	NOP
0x0022	0xD7FC      	BRA         L_UART1_Write3
L_UART1_Write4:
;__Lib_UART_c67.c,61 :: 		
0x0024	0xFFADC0A7  	MOVFF       FARG_UART1_Write_data_, TXREG
;__Lib_UART_c67.c,62 :: 		
L_end_UART1_Write:
0x0028	0x0012      	RETURN      0
; end of _UART1_Write
_UART1_Write_Text:
;__Lib_UART_c67.c,66 :: 		
;__Lib_UART_c67.c,67 :: 		
0x002A	0x0100      	MOVLB       0
0x002C	0x6BA6      	CLRF        UART1_Write_Text_counter_L0, 1
;__Lib_UART_c67.c,69 :: 		
0x002E	0xFFE9C0A3  	MOVFF       FARG_UART1_Write_Text_uart_text, FSR0L
0x0032	0xFFEAC0A4  	MOVFF       FARG_UART1_Write_Text_uart_text+1, FSR0H
0x0036	0xF0A5CFEE  	MOVFF       POSTINC0, UART1_Write_Text_data__L0
;__Lib_UART_c67.c,70 :: 		
L_UART1_Write_Text5:
0x003A	0x51A5      	MOVF        UART1_Write_Text_data__L0, 0, 1
0x003C	0x0A00      	XORLW       0
0x003E	0xE00E      	BZ          L_UART1_Write_Text6
;__Lib_UART_c67.c,71 :: 		
0x0040	0xF0A7C0A5  	MOVFF       UART1_Write_Text_data__L0, FARG_UART1_Write_data_
0x0044	0xDFEB      	RCALL       _UART1_Write
;__Lib_UART_c67.c,72 :: 		
0x0046	0x0100      	MOVLB       0
0x0048	0x2BA6      	INCF        UART1_Write_Text_counter_L0, 1, 1
;__Lib_UART_c67.c,73 :: 		
0x004A	0x51A6      	MOVF        UART1_Write_Text_counter_L0, 0, 1
0x004C	0x25A3      	ADDWF       FARG_UART1_Write_Text_uart_text, 0, 1
0x004E	0x6EE9      	MOVWF       FSR0L 
0x0050	0x0E00      	MOVLW       0
0x0052	0x21A4      	ADDWFC      FARG_UART1_Write_Text_uart_text+1, 0, 1
0x0054	0x6EEA      	MOVWF       FSR0H 
0x0056	0xF0A5CFEE  	MOVFF       POSTINC0, UART1_Write_Text_data__L0
;__Lib_UART_c67.c,74 :: 		
0x005A	0xD7EF      	BRA         L_UART1_Write_Text5
L_UART1_Write_Text6:
;__Lib_UART_c67.c,75 :: 		
L_end_UART1_Write_Text:
0x005C	0x0012      	RETURN      0
; end of _UART1_Write_Text
_newline:
;MyProject.c,1 :: 		void newline()
;MyProject.c,4 :: 		Uart1_write ('\r');      // \r is the carriage return
0x005E	0x0E0D      	MOVLW       13
0x0060	0x0100      	MOVLB       0
0x0062	0x6FA7      	MOVWF       FARG_UART1_Write_data_, 1
0x0064	0xDFDB      	RCALL       _UART1_Write
;MyProject.c,5 :: 		Uart1_write ('\n');      // \n is the line feed
0x0066	0x0E0A      	MOVLW       10
0x0068	0x0100      	MOVLB       0
0x006A	0x6FA7      	MOVWF       FARG_UART1_Write_data_, 1
0x006C	0xDFD7      	RCALL       _UART1_Write
;MyProject.c,9 :: 		}
L_end_newline:
0x006E	0x0012      	RETURN      0
; end of _newline
___CC2DW:
;__Lib_System.c,21 :: 		
;__Lib_System.c,23 :: 		
_CC2DL_Loop1:
;__Lib_System.c,24 :: 		
0x0070	0x0009      	TBLRD*+
;__Lib_System.c,25 :: 		
0x0072	0xFFE6CFF5  	MOVFF       TABLAT, POSTINC1
;__Lib_System.c,26 :: 		
0x0076	0x0600      	DECF        R0, 1, 0
;__Lib_System.c,27 :: 		
0x0078	0xE1FB      	BNZ         _CC2DL_Loop1
;__Lib_System.c,28 :: 		
0x007A	0x0601      	DECF        R1, 1, 0
;__Lib_System.c,29 :: 		
0x007C	0xE1F9      	BNZ         _CC2DL_Loop1
;__Lib_System.c,31 :: 		
L_end___CC2DW:
0x007E	0x0012      	RETURN      0
; end of ___CC2DW
_UART1_Init:
;__Lib_UART_c67.c,15 :: 		
;__Lib_UART_c67.c,18 :: 		
0x0080	0x0E1C      	MOVLW       _UART1_Write
0x0082	0x0100      	MOVLB       0
0x0084	0x6F93      	MOVWF       _UART_Wr_Ptr, 1
0x0086	0x0E00      	MOVLW       hi_addr(_UART1_Write)
0x0088	0x6F94      	MOVWF       _UART_Wr_Ptr+1, 1
0x008A	0x0EA7      	MOVLW       FARG_UART1_Write_data_
0x008C	0x6F95      	MOVWF       _UART_Wr_Ptr+2, 1
0x008E	0x0E00      	MOVLW       hi_addr(FARG_UART1_Write_data_)
0x0090	0x6F96      	MOVWF       _UART_Wr_Ptr+3, 1
;__Lib_UART_c67.c,19 :: 		
0x0092	0x0EFF      	MOVLW       _UART1_Read
0x0094	0x6F97      	MOVWF       _UART_Rd_Ptr, 1
0x0096	0x0EFF      	MOVLW       hi_addr(_UART1_Read)
0x0098	0x6F98      	MOVWF       _UART_Rd_Ptr+1, 1
0x009A	0x0E00      	MOVLW       0
0x009C	0x6F99      	MOVWF       _UART_Rd_Ptr+2, 1
0x009E	0x0E00      	MOVLW       0
0x00A0	0x6F9A      	MOVWF       _UART_Rd_Ptr+3, 1
;__Lib_UART_c67.c,20 :: 		
0x00A2	0x0EFF      	MOVLW       _UART1_Data_Ready
0x00A4	0x6F9F      	MOVWF       _UART_Rdy_Ptr, 1
0x00A6	0x0EFF      	MOVLW       hi_addr(_UART1_Data_Ready)
0x00A8	0x6FA0      	MOVWF       _UART_Rdy_Ptr+1, 1
0x00AA	0x0E00      	MOVLW       0
0x00AC	0x6FA1      	MOVWF       _UART_Rdy_Ptr+2, 1
0x00AE	0x0E00      	MOVLW       0
0x00B0	0x6FA2      	MOVWF       _UART_Rdy_Ptr+3, 1
;__Lib_UART_c67.c,21 :: 		
0x00B2	0x0EFF      	MOVLW       _UART1_Tx_Idle
0x00B4	0x6F9B      	MOVWF       _UART_Tx_Idle_Ptr, 1
0x00B6	0x0EFF      	MOVLW       hi_addr(_UART1_Tx_Idle)
0x00B8	0x6F9C      	MOVWF       _UART_Tx_Idle_Ptr+1, 1
0x00BA	0x0E00      	MOVLW       0
0x00BC	0x6F9D      	MOVWF       _UART_Tx_Idle_Ptr+2, 1
0x00BE	0x0E00      	MOVLW       0
0x00C0	0x6F9E      	MOVWF       _UART_Tx_Idle_Ptr+3, 1
;__Lib_UART_c67.c,23 :: 		
0x00C2	0x8AAC      	BSF         TXSTA, 5 
;__Lib_UART_c67.c,24 :: 		
0x00C4	0x0E90      	MOVLW       144
0x00C6	0x6EAB      	MOVWF       RCSTA 
;__Lib_UART_c67.c,25 :: 		
0x00C8	0x8E94      	BSF         TRISC7_bit, BitPos(TRISC7_bit+0) 
;__Lib_UART_c67.c,26 :: 		
0x00CA	0x9C94      	BCF         TRISC6_bit, BitPos(TRISC6_bit+0) 
;__Lib_UART_c67.c,28 :: 		
L_UART1_Init0:
0x00CC	0xAA9E      	BTFSS       PIR1, 5 
0x00CE	0xD003      	BRA         L_UART1_Init1
;__Lib_UART_c67.c,29 :: 		
0x00D0	0xF000CFAE  	MOVFF       RCREG, R0
0x00D4	0xD7FB      	BRA         L_UART1_Init0
L_UART1_Init1:
;__Lib_UART_c67.c,30 :: 		
L_end_UART1_Init:
0x00D6	0x0012      	RETURN      0
; end of _UART1_Init
_main:
0x00D8	0xF001EC4B  	CALL        662, 0
;MyProject.c,16 :: 		void main()
;MyProject.c,21 :: 		TRISB = 0xff;   // Configure direction of ports
0x00DC	0x0EFF      	MOVLW       255
0x00DE	0x6E93      	MOVWF       TRISB 
;MyProject.c,25 :: 		uart1_Init (9600); // Initialize UART with baud rate = 9600
0x00E0	0x0E33      	MOVLW       51
0x00E2	0x6EAF      	MOVWF       SPBRG 
0x00E4	0x84AC      	BSF         TXSTA, 2, 0
0x00E6	0xDFCC      	RCALL       _UART1_Init
;MyProject.c,27 :: 		for (;;)
L_main0:
;MyProject.c,31 :: 		if(PORTB.F0 == 1)
0x00E8	0xA081      	BTFSS       PORTB, 0 
0x00EA	0xD008      	BRA         L_main3
;MyProject.c,33 :: 		Uart1_write_Text (" Open");
0x00EC	0x0100      	MOVLB       0
0x00EE	0x0E46      	MOVLW       ?lstr1_MyProject
0x00F0	0x6FA3      	MOVWF       FARG_UART1_Write_Text_uart_text, 1
0x00F2	0x0E00      	MOVLW       hi_addr(?lstr1_MyProject)
0x00F4	0x6FA4      	MOVWF       FARG_UART1_Write_Text_uart_text+1, 1
0x00F6	0xDF99      	RCALL       _UART1_Write_Text
;MyProject.c,34 :: 		newline();
0x00F8	0xDFB2      	RCALL       _newline
;MyProject.c,35 :: 		}
0x00FA	0xD007      	BRA         L_main4
L_main3:
;MyProject.c,38 :: 		Uart1_write_Text (" Closed");
0x00FC	0x0E3E      	MOVLW       ?lstr2_MyProject
0x00FE	0x0100      	MOVLB       0
0x0100	0x6FA3      	MOVWF       FARG_UART1_Write_Text_uart_text, 1
0x0102	0x0E00      	MOVLW       hi_addr(?lstr2_MyProject)
0x0104	0x6FA4      	MOVWF       FARG_UART1_Write_Text_uart_text+1, 1
0x0106	0xDF91      	RCALL       _UART1_Write_Text
;MyProject.c,39 :: 		newline();
0x0108	0xDFAA      	RCALL       _newline
;MyProject.c,40 :: 		}
L_main4:
;MyProject.c,43 :: 		if(PORTB.F1 == 1)
0x010A	0xA281      	BTFSS       PORTB, 1 
0x010C	0xD008      	BRA         L_main5
;MyProject.c,45 :: 		Uart1_write_Text (" Open ");
0x010E	0x0E4C      	MOVLW       ?lstr3_MyProject
0x0110	0x0100      	MOVLB       0
0x0112	0x6FA3      	MOVWF       FARG_UART1_Write_Text_uart_text, 1
0x0114	0x0E00      	MOVLW       hi_addr(?lstr3_MyProject)
0x0116	0x6FA4      	MOVWF       FARG_UART1_Write_Text_uart_text+1, 1
0x0118	0xDF88      	RCALL       _UART1_Write_Text
;MyProject.c,46 :: 		newline();
0x011A	0xDFA1      	RCALL       _newline
;MyProject.c,47 :: 		}
0x011C	0xD007      	BRA         L_main6
L_main5:
;MyProject.c,50 :: 		Uart1_write_Text (" Closed ");
0x011E	0x0E5A      	MOVLW       ?lstr4_MyProject
0x0120	0x0100      	MOVLB       0
0x0122	0x6FA3      	MOVWF       FARG_UART1_Write_Text_uart_text, 1
0x0124	0x0E00      	MOVLW       hi_addr(?lstr4_MyProject)
0x0126	0x6FA4      	MOVWF       FARG_UART1_Write_Text_uart_text+1, 1
0x0128	0xDF80      	RCALL       _UART1_Write_Text
;MyProject.c,51 :: 		newline();
0x012A	0xDF99      	RCALL       _newline
;MyProject.c,52 :: 		}
L_main6:
;MyProject.c,55 :: 		if(PORTB.F2 == 1)
0x012C	0xA481      	BTFSS       PORTB, 2 
0x012E	0xD008      	BRA         L_main7
;MyProject.c,57 :: 		Uart1_write_Text (" Open ");
0x0130	0x0E53      	MOVLW       ?lstr5_MyProject
0x0132	0x0100      	MOVLB       0
0x0134	0x6FA3      	MOVWF       FARG_UART1_Write_Text_uart_text, 1
0x0136	0x0E00      	MOVLW       hi_addr(?lstr5_MyProject)
0x0138	0x6FA4      	MOVWF       FARG_UART1_Write_Text_uart_text+1, 1
0x013A	0xDF77      	RCALL       _UART1_Write_Text
;MyProject.c,58 :: 		newline();
0x013C	0xDF90      	RCALL       _newline
;MyProject.c,59 :: 		}
0x013E	0xD007      	BRA         L_main8
L_main7:
;MyProject.c,62 :: 		Uart1_write_Text (" Closed ");
0x0140	0x0E1C      	MOVLW       ?lstr6_MyProject
0x0142	0x0100      	MOVLB       0
0x0144	0x6FA3      	MOVWF       FARG_UART1_Write_Text_uart_text, 1
0x0146	0x0E00      	MOVLW       hi_addr(?lstr6_MyProject)
0x0148	0x6FA4      	MOVWF       FARG_UART1_Write_Text_uart_text+1, 1
0x014A	0xDF6F      	RCALL       _UART1_Write_Text
;MyProject.c,63 :: 		newline();
0x014C	0xDF88      	RCALL       _newline
;MyProject.c,64 :: 		}
L_main8:
;MyProject.c,67 :: 		if(PORTB.F3 == 1)
0x014E	0xA681      	BTFSS       PORTB, 3 
0x0150	0xD008      	BRA         L_main9
;MyProject.c,69 :: 		Uart1_write_Text (" Open ");
0x0152	0x0E15      	MOVLW       ?lstr7_MyProject
0x0154	0x0100      	MOVLB       0
0x0156	0x6FA3      	MOVWF       FARG_UART1_Write_Text_uart_text, 1
0x0158	0x0E00      	MOVLW       hi_addr(?lstr7_MyProject)
0x015A	0x6FA4      	MOVWF       FARG_UART1_Write_Text_uart_text+1, 1
0x015C	0xDF66      	RCALL       _UART1_Write_Text
;MyProject.c,70 :: 		newline();
0x015E	0xDF7F      	RCALL       _newline
;MyProject.c,71 :: 		}
0x0160	0xD007      	BRA         L_main10
L_main9:
;MyProject.c,74 :: 		Uart1_write_Text (" Closed ");
0x0162	0x0E25      	MOVLW       ?lstr8_MyProject
0x0164	0x0100      	MOVLB       0
0x0166	0x6FA3      	MOVWF       FARG_UART1_Write_Text_uart_text, 1
0x0168	0x0E00      	MOVLW       hi_addr(?lstr8_MyProject)
0x016A	0x6FA4      	MOVWF       FARG_UART1_Write_Text_uart_text+1, 1
0x016C	0xDF5E      	RCALL       _UART1_Write_Text
;MyProject.c,75 :: 		newline();
0x016E	0xDF77      	RCALL       _newline
;MyProject.c,76 :: 		}
L_main10:
;MyProject.c,79 :: 		if(PORTB.F4 == 1)
0x0170	0xA881      	BTFSS       PORTB, 4 
0x0172	0xD008      	BRA         L_main11
;MyProject.c,81 :: 		Uart1_write_Text (" Open ");
0x0174	0x0E37      	MOVLW       ?lstr9_MyProject
0x0176	0x0100      	MOVLB       0
0x0178	0x6FA3      	MOVWF       FARG_UART1_Write_Text_uart_text, 1
0x017A	0x0E00      	MOVLW       hi_addr(?lstr9_MyProject)
0x017C	0x6FA4      	MOVWF       FARG_UART1_Write_Text_uart_text+1, 1
0x017E	0xDF55      	RCALL       _UART1_Write_Text
;MyProject.c,82 :: 		newline();
0x0180	0xDF6E      	RCALL       _newline
;MyProject.c,83 :: 		}
0x0182	0xD007      	BRA         L_main12
L_main11:
;MyProject.c,86 :: 		Uart1_write_Text (" Closed ");
0x0184	0x0E2E      	MOVLW       ?lstr10_MyProject
0x0186	0x0100      	MOVLB       0
0x0188	0x6FA3      	MOVWF       FARG_UART1_Write_Text_uart_text, 1
0x018A	0x0E00      	MOVLW       hi_addr(?lstr10_MyProject)
0x018C	0x6FA4      	MOVWF       FARG_UART1_Write_Text_uart_text+1, 1
0x018E	0xDF4D      	RCALL       _UART1_Write_Text
;MyProject.c,87 :: 		newline();
0x0190	0xDF66      	RCALL       _newline
;MyProject.c,88 :: 		}
L_main12:
;MyProject.c,91 :: 		if(PORTB.F5 == 1)
0x0192	0xAA81      	BTFSS       PORTB, 5 
0x0194	0xD008      	BRA         L_main13
;MyProject.c,93 :: 		Uart1_write_Text (" Open ");
0x0196	0x0E75      	MOVLW       ?lstr11_MyProject
0x0198	0x0100      	MOVLB       0
0x019A	0x6FA3      	MOVWF       FARG_UART1_Write_Text_uart_text, 1
0x019C	0x0E00      	MOVLW       hi_addr(?lstr11_MyProject)
0x019E	0x6FA4      	MOVWF       FARG_UART1_Write_Text_uart_text+1, 1
0x01A0	0xDF44      	RCALL       _UART1_Write_Text
;MyProject.c,94 :: 		newline();
0x01A2	0xDF5D      	RCALL       _newline
;MyProject.c,95 :: 		}
0x01A4	0xD007      	BRA         L_main14
L_main13:
;MyProject.c,98 :: 		Uart1_write_Text (" Closed ");
0x01A6	0x0E6C      	MOVLW       ?lstr12_MyProject
0x01A8	0x0100      	MOVLB       0
0x01AA	0x6FA3      	MOVWF       FARG_UART1_Write_Text_uart_text, 1
0x01AC	0x0E00      	MOVLW       hi_addr(?lstr12_MyProject)
0x01AE	0x6FA4      	MOVWF       FARG_UART1_Write_Text_uart_text+1, 1
0x01B0	0xDF3C      	RCALL       _UART1_Write_Text
;MyProject.c,99 :: 		newline();
0x01B2	0xDF55      	RCALL       _newline
;MyProject.c,100 :: 		}
L_main14:
;MyProject.c,103 :: 		if(PORTB.F6 == 1)
0x01B4	0xAC81      	BTFSS       PORTB, 6 
0x01B6	0xD008      	BRA         L_main15
;MyProject.c,105 :: 		Uart1_write_Text (" Open ");
0x01B8	0x0E7C      	MOVLW       ?lstr13_MyProject
0x01BA	0x0100      	MOVLB       0
0x01BC	0x6FA3      	MOVWF       FARG_UART1_Write_Text_uart_text, 1
0x01BE	0x0E00      	MOVLW       hi_addr(?lstr13_MyProject)
0x01C0	0x6FA4      	MOVWF       FARG_UART1_Write_Text_uart_text+1, 1
0x01C2	0xDF33      	RCALL       _UART1_Write_Text
;MyProject.c,106 :: 		newline();
0x01C4	0xDF4C      	RCALL       _newline
;MyProject.c,107 :: 		}
0x01C6	0xD007      	BRA         L_main16
L_main15:
;MyProject.c,110 :: 		Uart1_write_Text (" Closed ");
0x01C8	0x0E8A      	MOVLW       ?lstr14_MyProject
0x01CA	0x0100      	MOVLB       0
0x01CC	0x6FA3      	MOVWF       FARG_UART1_Write_Text_uart_text, 1
0x01CE	0x0E00      	MOVLW       hi_addr(?lstr14_MyProject)
0x01D0	0x6FA4      	MOVWF       FARG_UART1_Write_Text_uart_text+1, 1
0x01D2	0xDF2B      	RCALL       _UART1_Write_Text
;MyProject.c,111 :: 		newline();
0x01D4	0xDF44      	RCALL       _newline
;MyProject.c,112 :: 		}
L_main16:
;MyProject.c,115 :: 		if(PORTB.F7 == 1)
0x01D6	0xAE81      	BTFSS       PORTB, 7 
0x01D8	0xD008      	BRA         L_main17
;MyProject.c,117 :: 		Uart1_write_Text (" Open ");
0x01DA	0x0E83      	MOVLW       ?lstr15_MyProject
0x01DC	0x0100      	MOVLB       0
0x01DE	0x6FA3      	MOVWF       FARG_UART1_Write_Text_uart_text, 1
0x01E0	0x0E00      	MOVLW       hi_addr(?lstr15_MyProject)
0x01E2	0x6FA4      	MOVWF       FARG_UART1_Write_Text_uart_text+1, 1
0x01E4	0xDF22      	RCALL       _UART1_Write_Text
;MyProject.c,118 :: 		newline();
0x01E6	0xDF3B      	RCALL       _newline
;MyProject.c,119 :: 		}
0x01E8	0xD007      	BRA         L_main18
L_main17:
;MyProject.c,122 :: 		Uart1_write_Text (" Closed ");
0x01EA	0x0E63      	MOVLW       ?lstr16_MyProject
0x01EC	0x0100      	MOVLB       0
0x01EE	0x6FA3      	MOVWF       FARG_UART1_Write_Text_uart_text, 1
0x01F0	0x0E00      	MOVLW       hi_addr(?lstr16_MyProject)
0x01F2	0x6FA4      	MOVWF       FARG_UART1_Write_Text_uart_text+1, 1
0x01F4	0xDF1A      	RCALL       _UART1_Write_Text
;MyProject.c,123 :: 		newline();
0x01F6	0xDF33      	RCALL       _newline
;MyProject.c,124 :: 		}
L_main18:
;MyProject.c,125 :: 		delay_ms(500);
0x01F8	0x0E06      	MOVLW       6
0x01FA	0x6E0B      	MOVWF       R11, 0
0x01FC	0x0E13      	MOVLW       19
0x01FE	0x6E0C      	MOVWF       R12, 0
0x0200	0x0EAD      	MOVLW       173
0x0202	0x6E0D      	MOVWF       R13, 0
L_main19:
0x0204	0x2E0D      	DECFSZ      R13, 1, 0
0x0206	0xD7FE      	BRA         L_main19
0x0208	0x2E0C      	DECFSZ      R12, 1, 0
0x020A	0xD7FC      	BRA         L_main19
0x020C	0x2E0B      	DECFSZ      R11, 1, 0
0x020E	0xD7FA      	BRA         L_main19
0x0210	0x0000      	NOP
0x0212	0x0000      	NOP
;MyProject.c,127 :: 		}
0x0214	0xD769      	BRA         L_main0
;MyProject.c,129 :: 		}
L_end_main:
0x0216	0xD7FF      	BRA         $+0
; end of _main
0x0296	0xF015EE10  	LFSR        1, 21
0x029A	0x0E7E      	MOVLW       126
0x029C	0x6E00      	MOVWF       R0 
0x029E	0x0E01      	MOVLW       1
0x02A0	0x6E01      	MOVWF       R1 
0x02A2	0x0E18      	MOVLW       24
0x02A4	0x6EF6      	MOVWF       4086 
0x02A6	0x0E02      	MOVLW       2
0x02A8	0x6EF7      	MOVWF       TBLPTRH 
0x02AA	0x0E00      	MOVLW       0
0x02AC	0x6EF8      	MOVWF       TBLPTRU 
0x02AE	0xF000EC38  	CALL        112, 0
0x02B2	0x0012      	RETURN      0
;MyProject.c,0 :: ?ICS?lstr7_MyProject
0x0218	0x4F20 ;?ICS?lstr7_MyProject+0
0x021A	0x6570 ;?ICS?lstr7_MyProject+2
0x021C	0x206E ;?ICS?lstr7_MyProject+4
0x021E	0x00 ;?ICS?lstr7_MyProject+6
; end of ?ICS?lstr7_MyProject
;MyProject.c,0 :: ?ICS?lstr6_MyProject
0x021F	0x4320 ;?ICS?lstr6_MyProject+0
0x0221	0x6F6C ;?ICS?lstr6_MyProject+2
0x0223	0x6573 ;?ICS?lstr6_MyProject+4
0x0225	0x2064 ;?ICS?lstr6_MyProject+6
0x0227	0x00 ;?ICS?lstr6_MyProject+8
; end of ?ICS?lstr6_MyProject
;MyProject.c,0 :: ?ICS?lstr8_MyProject
0x0228	0x4320 ;?ICS?lstr8_MyProject+0
0x022A	0x6F6C ;?ICS?lstr8_MyProject+2
0x022C	0x6573 ;?ICS?lstr8_MyProject+4
0x022E	0x2064 ;?ICS?lstr8_MyProject+6
0x0230	0x00 ;?ICS?lstr8_MyProject+8
; end of ?ICS?lstr8_MyProject
;MyProject.c,0 :: ?ICS?lstr10_MyProject
0x0231	0x4320 ;?ICS?lstr10_MyProject+0
0x0233	0x6F6C ;?ICS?lstr10_MyProject+2
0x0235	0x6573 ;?ICS?lstr10_MyProject+4
0x0237	0x2064 ;?ICS?lstr10_MyProject+6
0x0239	0x00 ;?ICS?lstr10_MyProject+8
; end of ?ICS?lstr10_MyProject
;MyProject.c,0 :: ?ICS?lstr9_MyProject
0x023A	0x4F20 ;?ICS?lstr9_MyProject+0
0x023C	0x6570 ;?ICS?lstr9_MyProject+2
0x023E	0x206E ;?ICS?lstr9_MyProject+4
0x0240	0x00 ;?ICS?lstr9_MyProject+6
; end of ?ICS?lstr9_MyProject
;MyProject.c,0 :: ?ICS?lstr2_MyProject
0x0241	0x4320 ;?ICS?lstr2_MyProject+0
0x0243	0x6F6C ;?ICS?lstr2_MyProject+2
0x0245	0x6573 ;?ICS?lstr2_MyProject+4
0x0247	0x0064 ;?ICS?lstr2_MyProject+6
; end of ?ICS?lstr2_MyProject
;MyProject.c,0 :: ?ICS?lstr1_MyProject
0x0249	0x4F20 ;?ICS?lstr1_MyProject+0
0x024B	0x6570 ;?ICS?lstr1_MyProject+2
0x024D	0x006E ;?ICS?lstr1_MyProject+4
; end of ?ICS?lstr1_MyProject
;MyProject.c,0 :: ?ICS?lstr3_MyProject
0x024F	0x4F20 ;?ICS?lstr3_MyProject+0
0x0251	0x6570 ;?ICS?lstr3_MyProject+2
0x0253	0x206E ;?ICS?lstr3_MyProject+4
0x0255	0x00 ;?ICS?lstr3_MyProject+6
; end of ?ICS?lstr3_MyProject
;MyProject.c,0 :: ?ICS?lstr5_MyProject
0x0256	0x4F20 ;?ICS?lstr5_MyProject+0
0x0258	0x6570 ;?ICS?lstr5_MyProject+2
0x025A	0x206E ;?ICS?lstr5_MyProject+4
0x025C	0x00 ;?ICS?lstr5_MyProject+6
; end of ?ICS?lstr5_MyProject
;MyProject.c,0 :: ?ICS?lstr4_MyProject
0x025D	0x4320 ;?ICS?lstr4_MyProject+0
0x025F	0x6F6C ;?ICS?lstr4_MyProject+2
0x0261	0x6573 ;?ICS?lstr4_MyProject+4
0x0263	0x2064 ;?ICS?lstr4_MyProject+6
0x0265	0x00 ;?ICS?lstr4_MyProject+8
; end of ?ICS?lstr4_MyProject
;MyProject.c,0 :: ?ICS?lstr16_MyProject
0x0266	0x4320 ;?ICS?lstr16_MyProject+0
0x0268	0x6F6C ;?ICS?lstr16_MyProject+2
0x026A	0x6573 ;?ICS?lstr16_MyProject+4
0x026C	0x2064 ;?ICS?lstr16_MyProject+6
0x026E	0x00 ;?ICS?lstr16_MyProject+8
; end of ?ICS?lstr16_MyProject
;MyProject.c,0 :: ?ICS?lstr12_MyProject
0x026F	0x4320 ;?ICS?lstr12_MyProject+0
0x0271	0x6F6C ;?ICS?lstr12_MyProject+2
0x0273	0x6573 ;?ICS?lstr12_MyProject+4
0x0275	0x2064 ;?ICS?lstr12_MyProject+6
0x0277	0x00 ;?ICS?lstr12_MyProject+8
; end of ?ICS?lstr12_MyProject
;MyProject.c,0 :: ?ICS?lstr11_MyProject
0x0278	0x4F20 ;?ICS?lstr11_MyProject+0
0x027A	0x6570 ;?ICS?lstr11_MyProject+2
0x027C	0x206E ;?ICS?lstr11_MyProject+4
0x027E	0x00 ;?ICS?lstr11_MyProject+6
; end of ?ICS?lstr11_MyProject
;MyProject.c,0 :: ?ICS?lstr13_MyProject
0x027F	0x4F20 ;?ICS?lstr13_MyProject+0
0x0281	0x6570 ;?ICS?lstr13_MyProject+2
0x0283	0x206E ;?ICS?lstr13_MyProject+4
0x0285	0x00 ;?ICS?lstr13_MyProject+6
; end of ?ICS?lstr13_MyProject
;MyProject.c,0 :: ?ICS?lstr15_MyProject
0x0286	0x4F20 ;?ICS?lstr15_MyProject+0
0x0288	0x6570 ;?ICS?lstr15_MyProject+2
0x028A	0x206E ;?ICS?lstr15_MyProject+4
0x028C	0x00 ;?ICS?lstr15_MyProject+6
; end of ?ICS?lstr15_MyProject
;MyProject.c,0 :: ?ICS?lstr14_MyProject
0x028D	0x4320 ;?ICS?lstr14_MyProject+0
0x028F	0x6F6C ;?ICS?lstr14_MyProject+2
0x0291	0x6573 ;?ICS?lstr14_MyProject+4
0x0293	0x2064 ;?ICS?lstr14_MyProject+6
0x0295	0x00 ;?ICS?lstr14_MyProject+8
; end of ?ICS?lstr14_MyProject
Symbol List:
//** Routines locations **
//ADDRESS    SIZE    PROCEDURE
//----------------------------------------------
0x001C      [14]    _UART1_Write
0x002A      [52]    _UART1_Write_Text
0x005E      [18]    _newline
0x0070      [16]    ___CC2DW
0x0080      [88]    _UART1_Init
0x00D8     [320]    _main
//** Variables locations ** 
//ADDRESS    SIZE    VARIABLE
//----------------------------------------------
0x0000       [1]    R0
0x0000       [1]    __Lib_SoftI2C_PutZerosToLATScl_temp_scl_L0
0x0000       [1]    SPI1_Write_tmp_L0
0x0000       [1]    __Lib_SoftI2C_PutZerosToLATSda_temp_sda_L0
0x0000       [1]    FLASH_Erase_64_SaveINTCON_L0
0x0000       [1]    UART1_Init_tmp_L0
0x0000       [1]    EEPROM_Write_SaveINTCON_L0
0x0001       [1]    I2C1_Rd_tmp_L0
0x0001       [1]    __Lib_TFT_16bit_JPEG_FileRead_i_L0
0x0001       [1]    __Lib_PS2_Wait_Falling_nsample_L0
0x0001       [1]    __Lib_TFT_JPEG_FileReadBytes_Result_L0
0x0001       [1]    FLASH_Write_8_i_L0
0x0001       [1]    FLASH_Erase_Write_64_i_L0
0x0001       [2]    FLASH_Read_N_Bytes_i_L0
0x0001       [1]    UART1_Read___tmp_UART1_Read_L0
0x0001       [1]    ispunct_rslt_L0
0x0001       [1]    R1
0x0001       [1]    __Lib_TFT_16bit_JPEG_FileReadBytes_Result_L0
0x0001       [1]    __Lib_TFT_JPEG_FileRead_i_L0
0x0002       [2]    memchr_s_L0
0x0002       [1]    FLASH_Write_8_SaveINTCON_L0
0x0002       [2]    memcpy_dd_L0
0x0002       [2]    strlen_cp_L0
0x0002       [2]    memset_pp_L0
0x0002       [1]    R2
0x0002       [1]    FLASH_Erase_Write_64_j_L0
0x0003       [2]    Ltrim_original_L0
0x0003       [1]    FLASH_Erase_Write_64_SaveINTCON_L0
0x0003       [2]    MM_TotalFreeMemSize_Tot_L0
0x0003       [1]    MM_Init_i_L0
0x0003       [2]    memmove_tt_L0
0x0003       [2]    __Lib_MmcFat16_f16_toInt_l_L0
0x0003       [1]    R3
0x0004       [2]    frexp_pom_L0
0x0004       [2]    strncat_cp_L0
0x0004       [2]    strcpy_cp_L0
0x0004       [2]    memcpy_ss_L0
0x0004       [2]    strncpy_cp_L0
0x0004       [2]    strcat_cp_L0
0x0004       [1]    R4
0x0004       [2]    __Lib_MemManager_MM_GetMemAlign_P_L0
0x0005       [2]    LongWordToHex_input_half_L0
0x0005       [2]    memmove_ff_L0
0x0005       [2]    Ltrim_p_L0
0x0005       [1]    MM_TotalFreeMemSize_i_L0
0x0005       [1]    R5
0x0005       [2]    LongIntToHex_input_half_L0
0x0006       [1]    __Lib_MemManager_MM_GetMemAlign_i_L0
0x0006       [1]    R6
0x0007       [1]    __Lib_TFT_JPEG_GenerateHuffmanTables_bLength_L0
0x0007       [1]    __Lib_TFT_16bit_JPEG_GenerateHuffmanTables_bLength_L0
0x0007       [1]    R7
0x0008       [1]    __Lib_TFT_JPEG_GenerateHuffmanTables_bTable_L0
0x0008       [1]    R8
0x0008       [1]    __Lib_TFT_16bit_JPEG_GenerateHuffmanTables_bTable_L0
0x0009       [1]    R9
0x0009       [4]    __Lib_MmcFat16_f16_toLong_l_L0
0x000A       [1]    R10
0x000B       [1]    R11
0x000C       [1]    R12
0x000D       [1]    R13
0x000E       [1]    R14
0x000F       [1]    R15
0x0010       [1]    R16
0x0011       [1]    R17
0x0012       [1]    R18
0x0013       [1]    R19
0x0014       [1]    R20
0x0015       [7]    ?lstr7_MyProject
0x001C       [9]    ?lstr6_MyProject
0x0025       [9]    ?lstr8_MyProject
0x002E       [9]    ?lstr10_MyProject
0x0037       [7]    ?lstr9_MyProject
0x003E       [8]    ?lstr2_MyProject
0x0046       [6]    ?lstr1_MyProject
0x004C       [7]    ?lstr3_MyProject
0x0053       [7]    ?lstr5_MyProject
0x005A       [9]    ?lstr4_MyProject
0x0063       [9]    ?lstr16_MyProject
0x006C       [9]    ?lstr12_MyProject
0x0075       [7]    ?lstr11_MyProject
0x007C       [7]    ?lstr13_MyProject
0x0083       [7]    ?lstr15_MyProject
0x008A       [9]    ?lstr14_MyProject
0x0093       [4]    _UART_Wr_Ptr
0x0097       [4]    _UART_Rd_Ptr
0x009B       [4]    _UART_Tx_Idle_Ptr
0x009F       [4]    _UART_Rdy_Ptr
0x00A3       [2]    FARG_UART1_Write_Text_uart_text
0x00A5       [1]    UART1_Write_Text_data__L0
0x00A6       [1]    UART1_Write_Text_counter_L0
0x00A7       [1]    FARG_UART1_Write_data_
0x0F81       [1]    PORTB
0x0F93       [1]    TRISB
0x0F94       [0]    TRISC7_bit
0x0F94       [0]    TRISC6_bit
0x0F9E       [1]    PIR1
0x0FAB       [1]    RCSTA
0x0FAC       [1]    TXSTA
0x0FAD       [1]    TXREG
0x0FAE       [1]    RCREG
0x0FAF       [1]    SPBRG
0x0FD8       [1]    STATUS
0x0FD9       [1]    FSR2L
0x0FDA       [1]    FSR2H
0x0FDE       [1]    POSTINC2
0x0FE0       [1]    BSR
0x0FE1       [1]    FSR1L
0x0FE2       [1]    FSR1H
0x0FE4       [1]    PREINC1
0x0FE6       [1]    POSTINC1
0x0FE7       [1]    INDF1
0x0FE8       [1]    WREG
0x0FE9       [1]    FSR0L
0x0FEA       [1]    FSR0H
0x0FEE       [1]    POSTINC0
0x0FF3       [1]    PRODL
0x0FF4       [1]    PRODH
0x0FF5       [1]    TABLAT
0x0FF6       [1]    TBLPTRL
0x0FF7       [1]    TBLPTRH
0x0FF8       [1]    TBLPTRU
//** Constants locations ** 
//ADDRESS    SIZE    CONSTANT
//----------------------------------------------
0x0218       [7]    ?ICS?lstr7_MyProject
0x021F       [9]    ?ICS?lstr6_MyProject
0x0228       [9]    ?ICS?lstr8_MyProject
0x0231       [9]    ?ICS?lstr10_MyProject
0x023A       [7]    ?ICS?lstr9_MyProject
0x0241       [8]    ?ICS?lstr2_MyProject
0x0249       [6]    ?ICS?lstr1_MyProject
0x024F       [7]    ?ICS?lstr3_MyProject
0x0256       [7]    ?ICS?lstr5_MyProject
0x025D       [9]    ?ICS?lstr4_MyProject
0x0266       [9]    ?ICS?lstr16_MyProject
0x026F       [9]    ?ICS?lstr12_MyProject
0x0278       [7]    ?ICS?lstr11_MyProject
0x027F       [7]    ?ICS?lstr13_MyProject
0x0286       [7]    ?ICS?lstr15_MyProject
0x028D       [9]    ?ICS?lstr14_MyProject
//** Label List: ** 
//----------------------------------------------
  L_main0
  L_main1
  L_main2
  L_main3
  L_main4
  L_main5
  L_main6
  L_main7
  L_main8
  L_main9
  L_main10
  L_main11
  L_main12
  L_main13
  L_main14
  L_main15
  L_main16
  L_main17
  L_main18
  L_main19
  L_end_newline
  _newline
  L_end_main
  _main
  _CC2D_Loop1
  _CC2DL_Loop1
  L_loopCA2AWs
  L_loopCCA2AWs
  L_loopCS2Ss
  L_CS2Send
  L_loopCCS2Ss
  L_CCS2Send
  L_loopFZinSWs
  L_longjmp7
  L_end___CC2D
  ___CC2D
  L_end___CC2DW
  ___CC2DW
  L_end___CA2AW
  ___CA2AW
  L_end___CCA2AW
  ___CCA2AW
  L_end___CS2S
  ___CS2S
  L_end___CCS2S
  ___CCS2S
  L_end___FZinS
  ___FZinS
  L_end_____DoIFC
  _____DoIFC
  L_end_Swap
  _Swap
  L_end_setjmp
  _setjmp
  L_end_longjmp
  _longjmp
  L_UART1_Init0
  L_UART1_Init1
  L_UART1_Read2
  L_UART1_Write3
  L_UART1_Write4
  L_UART1_Write_Text5
  L_UART1_Write_Text6
  L_UART1_Read_Text7
  L_UART1_Read_Text8
  L_UART1_Read_Text9
  L_UART1_Read_Text10
  L_UART1_Read_Text11
  L_UART1_Read_Text12
  L_UART1_Read_Text13
  L_UART1_Read_Text14
  L_UART1_Read_Text15
  L_UART_Write_Text16
  L_UART_Write_Text17
  L_UART_Read_Text18
  L_UART_Read_Text19
  L_UART_Read_Text20
  L_UART_Read_Text21
  L_UART_Read_Text22
  L_UART_Read_Text23
  L_UART_Read_Text24
  L_UART_Read_Text25
  L_UART_Read_Text26
  L_end_UART1_Init
  _UART1_Init
  L_end_UART1_Data_Ready
  _UART1_Data_Ready
  L_end_UART1_Read
  _UART1_Read
  L_end_UART1_Tx_Idle
  _UART1_Tx_Idle
  L_end_UART1_Write
  _UART1_Write
  L_end_UART1_Write_Text
  _UART1_Write_Text
  L_end_UART1_Read_Text
  _UART1_Read_Text
  L_end_UART_Set_Active
  _UART_Set_Active
  L_end_UART_Write
  _UART_Write
  L_end_UART_Write_Text
  _UART_Write_Text
  L_end_UART_Read
  _UART_Read
  L_end_UART_Data_Ready
  _UART_Data_Ready
  L_end_UART_Read_Text
  _UART_Read_Text
  L_end_UART_Tx_Idle
  _UART_Tx_Idle
